#
# There is insufficient memory for the Java Runtime Environment to continue.
# Native memory allocation (malloc) failed to allocate 1481296 bytes for Chunk::new
# Possible reasons:
#   The system is out of physical RAM or swap space
#   The process is running with CompressedOops enabled, and the Java Heap may be blocking the growth of the native heap
# Possible solutions:
#   Reduce memory load on the system
#   Increase physical memory or swap space
#   Check if swap backing store is full
#   Decrease Java heap size (-Xmx/-Xms)
#   Decrease number of Java threads
#   Decrease Java thread stack sizes (-Xss)
#   Set larger code cache with -XX:ReservedCodeCacheSize=
#   JVM is running with Zero Based Compressed Oops mode in which the Java heap is
#     placed in the first 32GB address space. The Java Heap base address is the
#     maximum limit for the native heap growth. Please use -XX:HeapBaseMinAddress
#     to set the Java Heap base and to place the Java Heap above 32GB virtual address.
# This output file may be truncated or incomplete.
#
#  Out of Memory Error (./src/hotspot/share/memory/arena.cpp:197), pid=14304, tid=11588
#
# JRE version: OpenJDK Runtime Environment AdoptOpenJDK (11.0.10+9) (build 11.0.10+9)
# Java VM: OpenJDK 64-Bit Server VM AdoptOpenJDK (11.0.10+9, mixed mode, tiered, compressed oops, g1 gc, windows-amd64)
# No core dump will be written. Minidumps are not enabled by default on client versions of Windows
#

---------------  S U M M A R Y ------------

Command Line: -javaagent:C:\Program Files\JetBrains\IntelliJ IDEA Community Edition 2020.3.2\lib\idea_rt.jar=63364:C:\Program Files\JetBrains\IntelliJ IDEA Community Edition 2020.3.2\bin -Dfile.encoding=UTF-8 com.techelevator.Application

Host: 11th Gen Intel(R) Core(TM) i7-1185G7 @ 3.00GHz, 8 cores, 15G,  Windows 10 , 64 bit Build 19041 (10.0.19041.1348)
Time: Sun Dec 12 11:08:47 2021 Eastern Standard Time elapsed time: 4.883601 seconds (0d 0h 0m 4s)

---------------  T H R E A D  ---------------

Current thread (0x000002d02dd17000):  JavaThread "C2 CompilerThread0" daemon [_thread_in_native, id=11588, stack(0x000000efd7800000,0x000000efd7900000)]


Current CompileTask:
C2:   4883 3672       4       org.springframework.core.annotation.TypeMappedAnnotations::get (52 bytes)

Stack: [0x000000efd7800000,0x000000efd7900000]
Native frames: (J=compiled Java code, j=interpreted, Vv=VM code, C=native code)
V  [jvm.dll+0x5f35ea]
V  [jvm.dll+0x77c65e]
V  [jvm.dll+0x77dd2f]
V  [jvm.dll+0x77e3f3]
V  [jvm.dll+0x246c38]
V  [jvm.dll+0xbe6cc]
V  [jvm.dll+0xbedcc]
V  [jvm.dll+0x34bfd7]
V  [jvm.dll+0x198b11]
V  [jvm.dll+0x200632]
V  [jvm.dll+0x1ff70f]
V  [jvm.dll+0x1846bc]
V  [jvm.dll+0x20ec37]
V  [jvm.dll+0x20ce1b]
V  [jvm.dll+0x740b39]
V  [jvm.dll+0x739ba4]
V  [jvm.dll+0x5f2466]
C  [ucrtbase.dll+0x21bb2]
C  [KERNEL32.DLL+0x17034]
C  [ntdll.dll+0x52651]


---------------  P R O C E S S  ---------------

Threads class SMR info:
_java_thread_list=0x000002d035731bb0, length=18, elements={
0x000002d0079b2800, 0x000002d02d404000, 0x000002d02dcbc800, 0x000002d02dd0d800,
0x000002d02dd10800, 0x000002d02dd15000, 0x000002d02dd17000, 0x000002d02dd18800,
0x000002d02d429000, 0x000002d02de85000, 0x000002d02de9e800, 0x000002d02e2ed000,
0x000002d02ef09000, 0x000002d02edef000, 0x000002d02f49e000, 0x000002d030ef4000,
0x000002d030ef4800, 0x000002d030ef5800
}

Java Threads: ( => current thread )
  0x000002d0079b2800 JavaThread "main" [_thread_blocked, id=16952, stack(0x000000efd6c00000,0x000000efd6d00000)]
  0x000002d02d404000 JavaThread "Reference Handler" daemon [_thread_blocked, id=2904, stack(0x000000efd7300000,0x000000efd7400000)]
  0x000002d02dcbc800 JavaThread "Finalizer" daemon [_thread_blocked, id=16332, stack(0x000000efd7400000,0x000000efd7500000)]
  0x000002d02dd0d800 JavaThread "Signal Dispatcher" daemon [_thread_blocked, id=19272, stack(0x000000efd7500000,0x000000efd7600000)]
  0x000002d02dd10800 JavaThread "Attach Listener" daemon [_thread_blocked, id=18056, stack(0x000000efd7600000,0x000000efd7700000)]
  0x000002d02dd15000 JavaThread "Service Thread" daemon [_thread_blocked, id=19788, stack(0x000000efd7700000,0x000000efd7800000)]
=>0x000002d02dd17000 JavaThread "C2 CompilerThread0" daemon [_thread_in_native, id=11588, stack(0x000000efd7800000,0x000000efd7900000)]
  0x000002d02dd18800 JavaThread "C1 CompilerThread0" daemon [_thread_blocked, id=16424, stack(0x000000efd7900000,0x000000efd7a00000)]
  0x000002d02d429000 JavaThread "Sweeper thread" daemon [_thread_blocked, id=3428, stack(0x000000efd7a00000,0x000000efd7b00000)]
  0x000002d02de85000 JavaThread "Common-Cleaner" daemon [_thread_blocked, id=18760, stack(0x000000efd7b00000,0x000000efd7c00000)]
  0x000002d02de9e800 JavaThread "C2 CompilerThread1" daemon [_thread_in_native, id=5692, stack(0x000000efd7c00000,0x000000efd7d00000)]
  0x000002d02e2ed000 JavaThread "Monitor Ctrl-Break" daemon [_thread_in_native, id=10120, stack(0x000000efd7d00000,0x000000efd7e00000)]
  0x000002d02ef09000 JavaThread "Thread-0" [_thread_blocked, id=10492, stack(0x000000efd7f00000,0x000000efd8000000)]
  0x000002d02edef000 JavaThread "restartedMain" [_thread_in_vm, id=10348, stack(0x000000efd8000000,0x000000efd8100000)]
  0x000002d02f49e000 JavaThread "C2 CompilerThread2" daemon [_thread_in_native, id=19568, stack(0x000000efd8100000,0x000000efd8200000)]
  0x000002d030ef4000 JavaThread "Catalina-utility-1" [_thread_blocked, id=13888, stack(0x000000efd8a00000,0x000000efd8b00000)]
  0x000002d030ef4800 JavaThread "Catalina-utility-2" [_thread_blocked, id=14388, stack(0x000000efd8b00000,0x000000efd8c00000)]
  0x000002d030ef5800 JavaThread "container-0" [_thread_blocked, id=18984, stack(0x000000efd8c00000,0x000000efd8d00000)]

Other Threads:
  0x000002d02d401800 VMThread "VM Thread" [stack: 0x000000efd7200000,0x000000efd7300000] [id=10112]
  0x000002d02e3ce000 WatcherThread [stack: 0x000000efd7e00000,0x000000efd7f00000] [id=3892]
  0x000002d0079cb000 GCTaskThread "GC Thread#0" [stack: 0x000000efd6d00000,0x000000efd6e00000] [id=16448]
  0x000002d02e8bc000 GCTaskThread "GC Thread#1" [stack: 0x000000efd8200000,0x000000efd8300000] [id=11144]
  0x000002d02ef1f000 GCTaskThread "GC Thread#2" [stack: 0x000000efd8300000,0x000000efd8400000] [id=5372]
  0x000002d02e69b800 GCTaskThread "GC Thread#3" [stack: 0x000000efd8400000,0x000000efd8500000] [id=13296]
  0x000002d02e69c800 GCTaskThread "GC Thread#4" [stack: 0x000000efd8500000,0x000000efd8600000] [id=11944]
  0x000002d02e6fa800 GCTaskThread "GC Thread#5" [stack: 0x000000efd8600000,0x000000efd8700000] [id=18868]
  0x000002d02e6fb000 GCTaskThread "GC Thread#6" [stack: 0x000000efd8700000,0x000000efd8800000] [id=12088]
  0x000002d02e5fe800 GCTaskThread "GC Thread#7" [stack: 0x000000efd8800000,0x000000efd8900000] [id=19808]
  0x000002d007a27800 ConcurrentGCThread "G1 Main Marker" [stack: 0x000000efd6e00000,0x000000efd6f00000] [id=10788]
  0x000002d007a2a000 ConcurrentGCThread "G1 Conc#0" [stack: 0x000000efd6f00000,0x000000efd7000000] [id=19380]
  0x000002d02f508800 ConcurrentGCThread "G1 Conc#1" [stack: 0x000000efd8900000,0x000000efd8a00000] [id=19532]
  0x000002d02d2e7800 ConcurrentGCThread "G1 Refine#0" [stack: 0x000000efd7000000,0x000000efd7100000] [id=532]
  0x000002d02d2e8800 ConcurrentGCThread "G1 Young RemSet Sampling" [stack: 0x000000efd7100000,0x000000efd7200000] [id=16832]

Threads with active compile tasks:
C2 CompilerThread0   4900 3672       4       org.springframework.core.annotation.TypeMappedAnnotations::get (52 bytes)
C2 CompilerThread1   4900 3897   !   4       java.net.URL::<init> (543 bytes)
C2 CompilerThread2   4900 3724       4       org.springframework.boot.context.properties.source.ConfigurationPropertyName$ElementsParser::parse (234 bytes)

VM state:not at safepoint (normal execution)

VM Mutex/Monitor currently owned by a thread: None

Heap address: 0x0000000704200000, size: 4030 MB, Compressed Oops mode: Zero based, Oop shift amount: 3
Narrow klass base: 0x0000000800000000, Narrow klass shift: 0
Compressed class space size: 1073741824 Address: 0x0000000800000000

Heap:
 garbage-first heap   total 258048K, used 64009K [0x0000000704200000, 0x0000000800000000)
  region size 1024K, 59 young (60416K), 7 survivors (7168K)
 Metaspace       used 40394K, capacity 41390K, committed 41472K, reserved 1085440K
  class space    used 4871K, capacity 5306K, committed 5376K, reserved 1048576K
Heap Regions: E=young(eden), S=young(survivor), O=old, HS=humongous(starts), HC=humongous(continues), CS=collection set, F=free, A=archive, TAMS=top-at-mark-start (previous, next)
|   0|0x0000000704200000, 0x0000000704300000, 0x0000000704300000|100%| O|  |TAMS 0x0000000704300000, 0x0000000704200000| Untracked 
|   1|0x0000000704300000, 0x0000000704400000, 0x0000000704400000|100%| O|  |TAMS 0x0000000704400000, 0x0000000704300000| Untracked 
|   2|0x0000000704400000, 0x0000000704500000, 0x0000000704500000|100%| O|  |TAMS 0x0000000704500000, 0x0000000704400000| Untracked 
|   3|0x0000000704500000, 0x0000000704600000, 0x0000000704600000|100%| O|  |TAMS 0x0000000704600000, 0x0000000704500000| Untracked 
|   4|0x0000000704600000, 0x0000000704682400, 0x0000000704700000| 50%| O|  |TAMS 0x0000000704682400, 0x0000000704600000| Untracked 
|   5|0x0000000704700000, 0x0000000704700000, 0x0000000704800000|  0%| F|  |TAMS 0x0000000704700000, 0x0000000704700000| Untracked 
|   6|0x0000000704800000, 0x0000000704800000, 0x0000000704900000|  0%| F|  |TAMS 0x0000000704800000, 0x0000000704800000| Untracked 
|   7|0x0000000704900000, 0x0000000704900000, 0x0000000704a00000|  0%| F|  |TAMS 0x0000000704900000, 0x0000000704900000| Untracked 
|   8|0x0000000704a00000, 0x0000000704a00000, 0x0000000704b00000|  0%| F|  |TAMS 0x0000000704a00000, 0x0000000704a00000| Untracked 
|   9|0x0000000704b00000, 0x0000000704b00000, 0x0000000704c00000|  0%| F|  |TAMS 0x0000000704b00000, 0x0000000704b00000| Untracked 
|  10|0x0000000704c00000, 0x0000000704c00000, 0x0000000704d00000|  0%| F|  |TAMS 0x0000000704c00000, 0x0000000704c00000| Untracked 
|  11|0x0000000704d00000, 0x0000000704d00000, 0x0000000704e00000|  0%| F|  |TAMS 0x0000000704d00000, 0x0000000704d00000| Untracked 
|  12|0x0000000704e00000, 0x0000000704e00000, 0x0000000704f00000|  0%| F|  |TAMS 0x0000000704e00000, 0x0000000704e00000| Untracked 
|  13|0x0000000704f00000, 0x0000000704f00000, 0x0000000705000000|  0%| F|  |TAMS 0x0000000704f00000, 0x0000000704f00000| Untracked 
|  14|0x0000000705000000, 0x0000000705000000, 0x0000000705100000|  0%| F|  |TAMS 0x0000000705000000, 0x0000000705000000| Untracked 
|  15|0x0000000705100000, 0x0000000705100000, 0x0000000705200000|  0%| F|  |TAMS 0x0000000705100000, 0x0000000705100000| Untracked 
|  16|0x0000000705200000, 0x0000000705200000, 0x0000000705300000|  0%| F|  |TAMS 0x0000000705200000, 0x0000000705200000| Untracked 
|  17|0x0000000705300000, 0x0000000705300000, 0x0000000705400000|  0%| F|  |TAMS 0x0000000705300000, 0x0000000705300000| Untracked 
|  18|0x0000000705400000, 0x0000000705400000, 0x0000000705500000|  0%| F|  |TAMS 0x0000000705400000, 0x0000000705400000| Untracked 
|  19|0x0000000705500000, 0x0000000705500000, 0x0000000705600000|  0%| F|  |TAMS 0x0000000705500000, 0x0000000705500000| Untracked 
|  20|0x0000000705600000, 0x0000000705600000, 0x0000000705700000|  0%| F|  |TAMS 0x0000000705600000, 0x0000000705600000| Untracked 
|  21|0x0000000705700000, 0x0000000705700000, 0x0000000705800000|  0%| F|  |TAMS 0x0000000705700000, 0x0000000705700000| Untracked 
|  22|0x0000000705800000, 0x0000000705800000, 0x0000000705900000|  0%| F|  |TAMS 0x0000000705800000, 0x0000000705800000| Untracked 
|  23|0x0000000705900000, 0x0000000705900000, 0x0000000705a00000|  0%| F|  |TAMS 0x0000000705900000, 0x0000000705900000| Untracked 
|  24|0x0000000705a00000, 0x0000000705a00000, 0x0000000705b00000|  0%| F|  |TAMS 0x0000000705a00000, 0x0000000705a00000| Untracked 
|  25|0x0000000705b00000, 0x0000000705b00000, 0x0000000705c00000|  0%| F|  |TAMS 0x0000000705b00000, 0x0000000705b00000| Untracked 
|  26|0x0000000705c00000, 0x0000000705c00000, 0x0000000705d00000|  0%| F|  |TAMS 0x0000000705c00000, 0x0000000705c00000| Untracked 
|  27|0x0000000705d00000, 0x0000000705d00000, 0x0000000705e00000|  0%| F|  |TAMS 0x0000000705d00000, 0x0000000705d00000| Untracked 
|  28|0x0000000705e00000, 0x0000000705e00000, 0x0000000705f00000|  0%| F|  |TAMS 0x0000000705e00000, 0x0000000705e00000| Untracked 
|  29|0x0000000705f00000, 0x0000000705f00000, 0x0000000706000000|  0%| F|  |TAMS 0x0000000705f00000, 0x0000000705f00000| Untracked 
|  30|0x0000000706000000, 0x0000000706000000, 0x0000000706100000|  0%| F|  |TAMS 0x0000000706000000, 0x0000000706000000| Untracked 
|  31|0x0000000706100000, 0x0000000706100000, 0x0000000706200000|  0%| F|  |TAMS 0x0000000706100000, 0x0000000706100000| Untracked 
|  32|0x0000000706200000, 0x0000000706200000, 0x0000000706300000|  0%| F|  |TAMS 0x0000000706200000, 0x0000000706200000| Untracked 
|  33|0x0000000706300000, 0x0000000706300000, 0x0000000706400000|  0%| F|  |TAMS 0x0000000706300000, 0x0000000706300000| Untracked 
|  34|0x0000000706400000, 0x0000000706400000, 0x0000000706500000|  0%| F|  |TAMS 0x0000000706400000, 0x0000000706400000| Untracked 
|  35|0x0000000706500000, 0x0000000706500000, 0x0000000706600000|  0%| F|  |TAMS 0x0000000706500000, 0x0000000706500000| Untracked 
|  36|0x0000000706600000, 0x0000000706600000, 0x0000000706700000|  0%| F|  |TAMS 0x0000000706600000, 0x0000000706600000| Untracked 
|  37|0x0000000706700000, 0x0000000706700000, 0x0000000706800000|  0%| F|  |TAMS 0x0000000706700000, 0x0000000706700000| Untracked 
|  38|0x0000000706800000, 0x0000000706800000, 0x0000000706900000|  0%| F|  |TAMS 0x0000000706800000, 0x0000000706800000| Untracked 
|  39|0x0000000706900000, 0x0000000706900000, 0x0000000706a00000|  0%| F|  |TAMS 0x0000000706900000, 0x0000000706900000| Untracked 
|  40|0x0000000706a00000, 0x0000000706a00000, 0x0000000706b00000|  0%| F|  |TAMS 0x0000000706a00000, 0x0000000706a00000| Untracked 
|  41|0x0000000706b00000, 0x0000000706b00000, 0x0000000706c00000|  0%| F|  |TAMS 0x0000000706b00000, 0x0000000706b00000| Untracked 
|  42|0x0000000706c00000, 0x0000000706c00000, 0x0000000706d00000|  0%| F|  |TAMS 0x0000000706c00000, 0x0000000706c00000| Untracked 
|  43|0x0000000706d00000, 0x0000000706d00000, 0x0000000706e00000|  0%| F|  |TAMS 0x0000000706d00000, 0x0000000706d00000| Untracked 
|  44|0x0000000706e00000, 0x0000000706e00000, 0x0000000706f00000|  0%| F|  |TAMS 0x0000000706e00000, 0x0000000706e00000| Untracked 
|  45|0x0000000706f00000, 0x0000000706f00000, 0x0000000707000000|  0%| F|  |TAMS 0x0000000706f00000, 0x0000000706f00000| Untracked 
|  46|0x0000000707000000, 0x0000000707000000, 0x0000000707100000|  0%| F|  |TAMS 0x0000000707000000, 0x0000000707000000| Untracked 
|  47|0x0000000707100000, 0x0000000707100000, 0x0000000707200000|  0%| F|  |TAMS 0x0000000707100000, 0x0000000707100000| Untracked 
|  48|0x0000000707200000, 0x0000000707200000, 0x0000000707300000|  0%| F|  |TAMS 0x0000000707200000, 0x0000000707200000| Untracked 
|  49|0x0000000707300000, 0x0000000707300000, 0x0000000707400000|  0%| F|  |TAMS 0x0000000707300000, 0x0000000707300000| Untracked 
|  50|0x0000000707400000, 0x0000000707400000, 0x0000000707500000|  0%| F|  |TAMS 0x0000000707400000, 0x0000000707400000| Untracked 
|  51|0x0000000707500000, 0x0000000707500000, 0x0000000707600000|  0%| F|  |TAMS 0x0000000707500000, 0x0000000707500000| Untracked 
|  52|0x0000000707600000, 0x0000000707600000, 0x0000000707700000|  0%| F|  |TAMS 0x0000000707600000, 0x0000000707600000| Untracked 
|  53|0x0000000707700000, 0x0000000707700000, 0x0000000707800000|  0%| F|  |TAMS 0x0000000707700000, 0x0000000707700000| Untracked 
|  54|0x0000000707800000, 0x0000000707800000, 0x0000000707900000|  0%| F|  |TAMS 0x0000000707800000, 0x0000000707800000| Untracked 
|  55|0x0000000707900000, 0x0000000707900000, 0x0000000707a00000|  0%| F|  |TAMS 0x0000000707900000, 0x0000000707900000| Untracked 
|  56|0x0000000707a00000, 0x0000000707a00000, 0x0000000707b00000|  0%| F|  |TAMS 0x0000000707a00000, 0x0000000707a00000| Untracked 
|  57|0x0000000707b00000, 0x0000000707b00000, 0x0000000707c00000|  0%| F|  |TAMS 0x0000000707b00000, 0x0000000707b00000| Untracked 
|  58|0x0000000707c00000, 0x0000000707c00000, 0x0000000707d00000|  0%| F|  |TAMS 0x0000000707c00000, 0x0000000707c00000| Untracked 
|  59|0x0000000707d00000, 0x0000000707d00000, 0x0000000707e00000|  0%| F|  |TAMS 0x0000000707d00000, 0x0000000707d00000| Untracked 
|  60|0x0000000707e00000, 0x0000000707e00000, 0x0000000707f00000|  0%| F|  |TAMS 0x0000000707e00000, 0x0000000707e00000| Untracked 
|  61|0x0000000707f00000, 0x0000000707f00000, 0x0000000708000000|  0%| F|  |TAMS 0x0000000707f00000, 0x0000000707f00000| Untracked 
|  62|0x0000000708000000, 0x0000000708000000, 0x0000000708100000|  0%| F|  |TAMS 0x0000000708000000, 0x0000000708000000| Untracked 
|  63|0x0000000708100000, 0x0000000708100000, 0x0000000708200000|  0%| F|  |TAMS 0x0000000708100000, 0x0000000708100000| Untracked 
|  64|0x0000000708200000, 0x0000000708200000, 0x0000000708300000|  0%| F|  |TAMS 0x0000000708200000, 0x0000000708200000| Untracked 
|  65|0x0000000708300000, 0x0000000708300000, 0x0000000708400000|  0%| F|  |TAMS 0x0000000708300000, 0x0000000708300000| Untracked 
|  66|0x0000000708400000, 0x0000000708400000, 0x0000000708500000|  0%| F|  |TAMS 0x0000000708400000, 0x0000000708400000| Untracked 
|  67|0x0000000708500000, 0x0000000708500000, 0x0000000708600000|  0%| F|  |TAMS 0x0000000708500000, 0x0000000708500000| Untracked 
|  68|0x0000000708600000, 0x0000000708600000, 0x0000000708700000|  0%| F|  |TAMS 0x0000000708600000, 0x0000000708600000| Untracked 
|  69|0x0000000708700000, 0x0000000708700000, 0x0000000708800000|  0%| F|  |TAMS 0x0000000708700000, 0x0000000708700000| Untracked 
|  70|0x0000000708800000, 0x0000000708800000, 0x0000000708900000|  0%| F|  |TAMS 0x0000000708800000, 0x0000000708800000| Untracked 
|  71|0x0000000708900000, 0x0000000708900000, 0x0000000708a00000|  0%| F|  |TAMS 0x0000000708900000, 0x0000000708900000| Untracked 
|  72|0x0000000708a00000, 0x0000000708a00000, 0x0000000708b00000|  0%| F|  |TAMS 0x0000000708a00000, 0x0000000708a00000| Untracked 
|  73|0x0000000708b00000, 0x0000000708b00000, 0x0000000708c00000|  0%| F|  |TAMS 0x0000000708b00000, 0x0000000708b00000| Untracked 
|  74|0x0000000708c00000, 0x0000000708c00000, 0x0000000708d00000|  0%| F|  |TAMS 0x0000000708c00000, 0x0000000708c00000| Untracked 
|  75|0x0000000708d00000, 0x0000000708d00000, 0x0000000708e00000|  0%| F|  |TAMS 0x0000000708d00000, 0x0000000708d00000| Untracked 
|  76|0x0000000708e00000, 0x0000000708e00000, 0x0000000708f00000|  0%| F|  |TAMS 0x0000000708e00000, 0x0000000708e00000| Untracked 
|  77|0x0000000708f00000, 0x0000000708f00000, 0x0000000709000000|  0%| F|  |TAMS 0x0000000708f00000, 0x0000000708f00000| Untracked 
|  78|0x0000000709000000, 0x0000000709000000, 0x0000000709100000|  0%| F|  |TAMS 0x0000000709000000, 0x0000000709000000| Untracked 
|  79|0x0000000709100000, 0x0000000709100000, 0x0000000709200000|  0%| F|  |TAMS 0x0000000709100000, 0x0000000709100000| Untracked 
|  80|0x0000000709200000, 0x0000000709200000, 0x0000000709300000|  0%| F|  |TAMS 0x0000000709200000, 0x0000000709200000| Untracked 
|  81|0x0000000709300000, 0x0000000709300000, 0x0000000709400000|  0%| F|  |TAMS 0x0000000709300000, 0x0000000709300000| Untracked 
|  82|0x0000000709400000, 0x0000000709400000, 0x0000000709500000|  0%| F|  |TAMS 0x0000000709400000, 0x0000000709400000| Untracked 
|  83|0x0000000709500000, 0x0000000709500000, 0x0000000709600000|  0%| F|  |TAMS 0x0000000709500000, 0x0000000709500000| Untracked 
|  84|0x0000000709600000, 0x0000000709600000, 0x0000000709700000|  0%| F|  |TAMS 0x0000000709600000, 0x0000000709600000| Untracked 
|  85|0x0000000709700000, 0x0000000709700000, 0x0000000709800000|  0%| F|  |TAMS 0x0000000709700000, 0x0000000709700000| Untracked 
|  86|0x0000000709800000, 0x0000000709800000, 0x0000000709900000|  0%| F|  |TAMS 0x0000000709800000, 0x0000000709800000| Untracked 
|  87|0x0000000709900000, 0x0000000709900000, 0x0000000709a00000|  0%| F|  |TAMS 0x0000000709900000, 0x0000000709900000| Untracked 
|  88|0x0000000709a00000, 0x0000000709a00000, 0x0000000709b00000|  0%| F|  |TAMS 0x0000000709a00000, 0x0000000709a00000| Untracked 
|  89|0x0000000709b00000, 0x0000000709b00000, 0x0000000709c00000|  0%| F|  |TAMS 0x0000000709b00000, 0x0000000709b00000| Untracked 
|  90|0x0000000709c00000, 0x0000000709c00000, 0x0000000709d00000|  0%| F|  |TAMS 0x0000000709c00000, 0x0000000709c00000| Untracked 
|  91|0x0000000709d00000, 0x0000000709d00000, 0x0000000709e00000|  0%| F|  |TAMS 0x0000000709d00000, 0x0000000709d00000| Untracked 
|  92|0x0000000709e00000, 0x0000000709e00000, 0x0000000709f00000|  0%| F|  |TAMS 0x0000000709e00000, 0x0000000709e00000| Untracked 
|  93|0x0000000709f00000, 0x0000000709f00000, 0x000000070a000000|  0%| F|  |TAMS 0x0000000709f00000, 0x0000000709f00000| Untracked 
|  94|0x000000070a000000, 0x000000070a000000, 0x000000070a100000|  0%| F|  |TAMS 0x000000070a000000, 0x000000070a000000| Untracked 
|  95|0x000000070a100000, 0x000000070a100000, 0x000000070a200000|  0%| F|  |TAMS 0x000000070a100000, 0x000000070a100000| Untracked 
|  96|0x000000070a200000, 0x000000070a200000, 0x000000070a300000|  0%| F|  |TAMS 0x000000070a200000, 0x000000070a200000| Untracked 
|  97|0x000000070a300000, 0x000000070a300000, 0x000000070a400000|  0%| F|  |TAMS 0x000000070a300000, 0x000000070a300000| Untracked 
|  98|0x000000070a400000, 0x000000070a400000, 0x000000070a500000|  0%| F|  |TAMS 0x000000070a400000, 0x000000070a400000| Untracked 
|  99|0x000000070a500000, 0x000000070a500000, 0x000000070a600000|  0%| F|  |TAMS 0x000000070a500000, 0x000000070a500000| Untracked 
| 100|0x000000070a600000, 0x000000070a600000, 0x000000070a700000|  0%| F|  |TAMS 0x000000070a600000, 0x000000070a600000| Untracked 
| 101|0x000000070a700000, 0x000000070a700000, 0x000000070a800000|  0%| F|  |TAMS 0x000000070a700000, 0x000000070a700000| Untracked 
| 102|0x000000070a800000, 0x000000070a800000, 0x000000070a900000|  0%| F|  |TAMS 0x000000070a800000, 0x000000070a800000| Untracked 
| 103|0x000000070a900000, 0x000000070a900000, 0x000000070aa00000|  0%| F|  |TAMS 0x000000070a900000, 0x000000070a900000| Untracked 
| 104|0x000000070aa00000, 0x000000070aa00000, 0x000000070ab00000|  0%| F|  |TAMS 0x000000070aa00000, 0x000000070aa00000| Untracked 
| 105|0x000000070ab00000, 0x000000070ab00000, 0x000000070ac00000|  0%| F|  |TAMS 0x000000070ab00000, 0x000000070ab00000| Untracked 
| 106|0x000000070ac00000, 0x000000070ac00000, 0x000000070ad00000|  0%| F|  |TAMS 0x000000070ac00000, 0x000000070ac00000| Untracked 
| 107|0x000000070ad00000, 0x000000070ad00000, 0x000000070ae00000|  0%| F|  |TAMS 0x000000070ad00000, 0x000000070ad00000| Untracked 
| 108|0x000000070ae00000, 0x000000070ae00000, 0x000000070af00000|  0%| F|  |TAMS 0x000000070ae00000, 0x000000070ae00000| Untracked 
| 109|0x000000070af00000, 0x000000070af00000, 0x000000070b000000|  0%| F|  |TAMS 0x000000070af00000, 0x000000070af00000| Untracked 
| 110|0x000000070b000000, 0x000000070b000000, 0x000000070b100000|  0%| F|  |TAMS 0x000000070b000000, 0x000000070b000000| Untracked 
| 111|0x000000070b100000, 0x000000070b100000, 0x000000070b200000|  0%| F|  |TAMS 0x000000070b100000, 0x000000070b100000| Untracked 
| 112|0x000000070b200000, 0x000000070b200000, 0x000000070b300000|  0%| F|  |TAMS 0x000000070b200000, 0x000000070b200000| Untracked 
| 113|0x000000070b300000, 0x000000070b300000, 0x000000070b400000|  0%| F|  |TAMS 0x000000070b300000, 0x000000070b300000| Untracked 
| 114|0x000000070b400000, 0x000000070b400000, 0x000000070b500000|  0%| F|  |TAMS 0x000000070b400000, 0x000000070b400000| Untracked 
| 115|0x000000070b500000, 0x000000070b500000, 0x000000070b600000|  0%| F|  |TAMS 0x000000070b500000, 0x000000070b500000| Untracked 
| 116|0x000000070b600000, 0x000000070b600000, 0x000000070b700000|  0%| F|  |TAMS 0x000000070b600000, 0x000000070b600000| Untracked 
| 117|0x000000070b700000, 0x000000070b700000, 0x000000070b800000|  0%| F|  |TAMS 0x000000070b700000, 0x000000070b700000| Untracked 
| 118|0x000000070b800000, 0x000000070b800000, 0x000000070b900000|  0%| F|  |TAMS 0x000000070b800000, 0x000000070b800000| Untracked 
| 119|0x000000070b900000, 0x000000070b900000, 0x000000070ba00000|  0%| F|  |TAMS 0x000000070b900000, 0x000000070b900000| Untracked 
| 120|0x000000070ba00000, 0x000000070ba00000, 0x000000070bb00000|  0%| F|  |TAMS 0x000000070ba00000, 0x000000070ba00000| Untracked 
| 121|0x000000070bb00000, 0x000000070bb00000, 0x000000070bc00000|  0%| F|  |TAMS 0x000000070bb00000, 0x000000070bb00000| Untracked 
| 122|0x000000070bc00000, 0x000000070bc00000, 0x000000070bd00000|  0%| F|  |TAMS 0x000000070bc00000, 0x000000070bc00000| Untracked 
| 123|0x000000070bd00000, 0x000000070bd00000, 0x000000070be00000|  0%| F|  |TAMS 0x000000070bd00000, 0x000000070bd00000| Untracked 
| 124|0x000000070be00000, 0x000000070bf00000, 0x000000070bf00000|100%| S|CS|TAMS 0x000000070be00000, 0x000000070be00000| Complete 
| 125|0x000000070bf00000, 0x000000070c000000, 0x000000070c000000|100%| S|CS|TAMS 0x000000070bf00000, 0x000000070bf00000| Complete 
| 126|0x000000070c000000, 0x000000070c100000, 0x000000070c100000|100%| S|CS|TAMS 0x000000070c000000, 0x000000070c000000| Complete 
| 127|0x000000070c100000, 0x000000070c200000, 0x000000070c200000|100%| S|CS|TAMS 0x000000070c100000, 0x000000070c100000| Complete 
| 128|0x000000070c200000, 0x000000070c300000, 0x000000070c300000|100%| S|CS|TAMS 0x000000070c200000, 0x000000070c200000| Complete 
| 129|0x000000070c300000, 0x000000070c400000, 0x000000070c400000|100%| S|CS|TAMS 0x000000070c300000, 0x000000070c300000| Complete 
| 130|0x000000070c400000, 0x000000070c500000, 0x000000070c500000|100%| S|CS|TAMS 0x000000070c400000, 0x000000070c400000| Complete 
| 131|0x000000070c500000, 0x000000070c500000, 0x000000070c600000|  0%| F|  |TAMS 0x000000070c500000, 0x000000070c500000| Untracked 
| 132|0x000000070c600000, 0x000000070c600000, 0x000000070c700000|  0%| F|  |TAMS 0x000000070c600000, 0x000000070c600000| Untracked 
| 133|0x000000070c700000, 0x000000070c700000, 0x000000070c800000|  0%| F|  |TAMS 0x000000070c700000, 0x000000070c700000| Untracked 
| 134|0x000000070c800000, 0x000000070c800000, 0x000000070c900000|  0%| F|  |TAMS 0x000000070c800000, 0x000000070c800000| Untracked 
| 135|0x000000070c900000, 0x000000070c900000, 0x000000070ca00000|  0%| F|  |TAMS 0x000000070c900000, 0x000000070c900000| Untracked 
| 136|0x000000070ca00000, 0x000000070ca00000, 0x000000070cb00000|  0%| F|  |TAMS 0x000000070ca00000, 0x000000070ca00000| Untracked 
| 137|0x000000070cb00000, 0x000000070cb00000, 0x000000070cc00000|  0%| F|  |TAMS 0x000000070cb00000, 0x000000070cb00000| Untracked 
| 138|0x000000070cc00000, 0x000000070cc00000, 0x000000070cd00000|  0%| F|  |TAMS 0x000000070cc00000, 0x000000070cc00000| Untracked 
| 139|0x000000070cd00000, 0x000000070cd00000, 0x000000070ce00000|  0%| F|  |TAMS 0x000000070cd00000, 0x000000070cd00000| Untracked 
| 140|0x000000070ce00000, 0x000000070ce00000, 0x000000070cf00000|  0%| F|  |TAMS 0x000000070ce00000, 0x000000070ce00000| Untracked 
| 141|0x000000070cf00000, 0x000000070cf00000, 0x000000070d000000|  0%| F|  |TAMS 0x000000070cf00000, 0x000000070cf00000| Untracked 
| 142|0x000000070d000000, 0x000000070d000000, 0x000000070d100000|  0%| F|  |TAMS 0x000000070d000000, 0x000000070d000000| Untracked 
| 143|0x000000070d100000, 0x000000070d100000, 0x000000070d200000|  0%| F|  |TAMS 0x000000070d100000, 0x000000070d100000| Untracked 
| 144|0x000000070d200000, 0x000000070d200000, 0x000000070d300000|  0%| F|  |TAMS 0x000000070d200000, 0x000000070d200000| Untracked 
| 145|0x000000070d300000, 0x000000070d300000, 0x000000070d400000|  0%| F|  |TAMS 0x000000070d300000, 0x000000070d300000| Untracked 
| 146|0x000000070d400000, 0x000000070d400000, 0x000000070d500000|  0%| F|  |TAMS 0x000000070d400000, 0x000000070d400000| Untracked 
| 147|0x000000070d500000, 0x000000070d500000, 0x000000070d600000|  0%| F|  |TAMS 0x000000070d500000, 0x000000070d500000| Untracked 
| 148|0x000000070d600000, 0x000000070d600000, 0x000000070d700000|  0%| F|  |TAMS 0x000000070d600000, 0x000000070d600000| Untracked 
| 149|0x000000070d700000, 0x000000070d700000, 0x000000070d800000|  0%| F|  |TAMS 0x000000070d700000, 0x000000070d700000| Untracked 
| 150|0x000000070d800000, 0x000000070d800000, 0x000000070d900000|  0%| F|  |TAMS 0x000000070d800000, 0x000000070d800000| Untracked 
| 151|0x000000070d900000, 0x000000070d900000, 0x000000070da00000|  0%| F|  |TAMS 0x000000070d900000, 0x000000070d900000| Untracked 
| 152|0x000000070da00000, 0x000000070da00000, 0x000000070db00000|  0%| F|  |TAMS 0x000000070da00000, 0x000000070da00000| Untracked 
| 153|0x000000070db00000, 0x000000070db00000, 0x000000070dc00000|  0%| F|  |TAMS 0x000000070db00000, 0x000000070db00000| Untracked 
| 154|0x000000070dc00000, 0x000000070dc00000, 0x000000070dd00000|  0%| F|  |TAMS 0x000000070dc00000, 0x000000070dc00000| Untracked 
| 155|0x000000070dd00000, 0x000000070dd00000, 0x000000070de00000|  0%| F|  |TAMS 0x000000070dd00000, 0x000000070dd00000| Untracked 
| 156|0x000000070de00000, 0x000000070de00000, 0x000000070df00000|  0%| F|  |TAMS 0x000000070de00000, 0x000000070de00000| Untracked 
| 157|0x000000070df00000, 0x000000070df00000, 0x000000070e000000|  0%| F|  |TAMS 0x000000070df00000, 0x000000070df00000| Untracked 
| 158|0x000000070e000000, 0x000000070e000000, 0x000000070e100000|  0%| F|  |TAMS 0x000000070e000000, 0x000000070e000000| Untracked 
| 159|0x000000070e100000, 0x000000070e100000, 0x000000070e200000|  0%| F|  |TAMS 0x000000070e100000, 0x000000070e100000| Untracked 
| 160|0x000000070e200000, 0x000000070e200000, 0x000000070e300000|  0%| F|  |TAMS 0x000000070e200000, 0x000000070e200000| Untracked 
| 161|0x000000070e300000, 0x000000070e300000, 0x000000070e400000|  0%| F|  |TAMS 0x000000070e300000, 0x000000070e300000| Untracked 
| 162|0x000000070e400000, 0x000000070e400000, 0x000000070e500000|  0%| F|  |TAMS 0x000000070e400000, 0x000000070e400000| Untracked 
| 163|0x000000070e500000, 0x000000070e500000, 0x000000070e600000|  0%| F|  |TAMS 0x000000070e500000, 0x000000070e500000| Untracked 
| 164|0x000000070e600000, 0x000000070e600000, 0x000000070e700000|  0%| F|  |TAMS 0x000000070e600000, 0x000000070e600000| Untracked 
| 165|0x000000070e700000, 0x000000070e700000, 0x000000070e800000|  0%| F|  |TAMS 0x000000070e700000, 0x000000070e700000| Untracked 
| 166|0x000000070e800000, 0x000000070e800000, 0x000000070e900000|  0%| F|  |TAMS 0x000000070e800000, 0x000000070e800000| Untracked 
| 167|0x000000070e900000, 0x000000070e900000, 0x000000070ea00000|  0%| F|  |TAMS 0x000000070e900000, 0x000000070e900000| Untracked 
| 168|0x000000070ea00000, 0x000000070ea00000, 0x000000070eb00000|  0%| F|  |TAMS 0x000000070ea00000, 0x000000070ea00000| Untracked 
| 169|0x000000070eb00000, 0x000000070eb00000, 0x000000070ec00000|  0%| F|  |TAMS 0x000000070eb00000, 0x000000070eb00000| Untracked 
| 170|0x000000070ec00000, 0x000000070ec00000, 0x000000070ed00000|  0%| F|  |TAMS 0x000000070ec00000, 0x000000070ec00000| Untracked 
| 171|0x000000070ed00000, 0x000000070ed00000, 0x000000070ee00000|  0%| F|  |TAMS 0x000000070ed00000, 0x000000070ed00000| Untracked 
| 172|0x000000070ee00000, 0x000000070ee00000, 0x000000070ef00000|  0%| F|  |TAMS 0x000000070ee00000, 0x000000070ee00000| Untracked 
| 173|0x000000070ef00000, 0x000000070ef00000, 0x000000070f000000|  0%| F|  |TAMS 0x000000070ef00000, 0x000000070ef00000| Untracked 
| 174|0x000000070f000000, 0x000000070f000000, 0x000000070f100000|  0%| F|  |TAMS 0x000000070f000000, 0x000000070f000000| Untracked 
| 175|0x000000070f100000, 0x000000070f100000, 0x000000070f200000|  0%| F|  |TAMS 0x000000070f100000, 0x000000070f100000| Untracked 
| 176|0x000000070f200000, 0x000000070f200000, 0x000000070f300000|  0%| F|  |TAMS 0x000000070f200000, 0x000000070f200000| Untracked 
| 177|0x000000070f300000, 0x000000070f300000, 0x000000070f400000|  0%| F|  |TAMS 0x000000070f300000, 0x000000070f300000| Untracked 
| 178|0x000000070f400000, 0x000000070f400000, 0x000000070f500000|  0%| F|  |TAMS 0x000000070f400000, 0x000000070f400000| Untracked 
| 179|0x000000070f500000, 0x000000070f500000, 0x000000070f600000|  0%| F|  |TAMS 0x000000070f500000, 0x000000070f500000| Untracked 
| 180|0x000000070f600000, 0x000000070f600000, 0x000000070f700000|  0%| F|  |TAMS 0x000000070f600000, 0x000000070f600000| Untracked 
| 181|0x000000070f700000, 0x000000070f700000, 0x000000070f800000|  0%| F|  |TAMS 0x000000070f700000, 0x000000070f700000| Untracked 
| 182|0x000000070f800000, 0x000000070f800000, 0x000000070f900000|  0%| F|  |TAMS 0x000000070f800000, 0x000000070f800000| Untracked 
| 183|0x000000070f900000, 0x000000070f900000, 0x000000070fa00000|  0%| F|  |TAMS 0x000000070f900000, 0x000000070f900000| Untracked 
| 184|0x000000070fa00000, 0x000000070fa00000, 0x000000070fb00000|  0%| F|  |TAMS 0x000000070fa00000, 0x000000070fa00000| Untracked 
| 185|0x000000070fb00000, 0x000000070fb00000, 0x000000070fc00000|  0%| F|  |TAMS 0x000000070fb00000, 0x000000070fb00000| Untracked 
| 186|0x000000070fc00000, 0x000000070fc00000, 0x000000070fd00000|  0%| F|  |TAMS 0x000000070fc00000, 0x000000070fc00000| Untracked 
| 187|0x000000070fd00000, 0x000000070fd00000, 0x000000070fe00000|  0%| F|  |TAMS 0x000000070fd00000, 0x000000070fd00000| Untracked 
| 188|0x000000070fe00000, 0x000000070fe00000, 0x000000070ff00000|  0%| F|  |TAMS 0x000000070fe00000, 0x000000070fe00000| Untracked 
| 189|0x000000070ff00000, 0x000000070ff00000, 0x0000000710000000|  0%| F|  |TAMS 0x000000070ff00000, 0x000000070ff00000| Untracked 
| 190|0x0000000710000000, 0x0000000710000000, 0x0000000710100000|  0%| F|  |TAMS 0x0000000710000000, 0x0000000710000000| Untracked 
| 191|0x0000000710100000, 0x0000000710100000, 0x0000000710200000|  0%| F|  |TAMS 0x0000000710100000, 0x0000000710100000| Untracked 
| 192|0x0000000710200000, 0x0000000710200000, 0x0000000710300000|  0%| F|  |TAMS 0x0000000710200000, 0x0000000710200000| Untracked 
| 193|0x0000000710300000, 0x0000000710300000, 0x0000000710400000|  0%| F|  |TAMS 0x0000000710300000, 0x0000000710300000| Untracked 
| 194|0x0000000710400000, 0x0000000710400000, 0x0000000710500000|  0%| F|  |TAMS 0x0000000710400000, 0x0000000710400000| Untracked 
| 195|0x0000000710500000, 0x0000000710500000, 0x0000000710600000|  0%| F|  |TAMS 0x0000000710500000, 0x0000000710500000| Untracked 
| 196|0x0000000710600000, 0x0000000710600000, 0x0000000710700000|  0%| F|  |TAMS 0x0000000710600000, 0x0000000710600000| Untracked 
| 197|0x0000000710700000, 0x0000000710700000, 0x0000000710800000|  0%| F|  |TAMS 0x0000000710700000, 0x0000000710700000| Untracked 
| 198|0x0000000710800000, 0x0000000710800000, 0x0000000710900000|  0%| F|  |TAMS 0x0000000710800000, 0x0000000710800000| Untracked 
| 199|0x0000000710900000, 0x0000000710900000, 0x0000000710a00000|  0%| F|  |TAMS 0x0000000710900000, 0x0000000710900000| Untracked 
| 200|0x0000000710a00000, 0x0000000710b00000, 0x0000000710b00000|100%| E|  |TAMS 0x0000000710a00000, 0x0000000710a00000| Complete 
| 201|0x0000000710b00000, 0x0000000710c00000, 0x0000000710c00000|100%| E|CS|TAMS 0x0000000710b00000, 0x0000000710b00000| Complete 
| 202|0x0000000710c00000, 0x0000000710d00000, 0x0000000710d00000|100%| E|CS|TAMS 0x0000000710c00000, 0x0000000710c00000| Complete 
| 203|0x0000000710d00000, 0x0000000710e00000, 0x0000000710e00000|100%| E|CS|TAMS 0x0000000710d00000, 0x0000000710d00000| Complete 
| 204|0x0000000710e00000, 0x0000000710f00000, 0x0000000710f00000|100%| E|CS|TAMS 0x0000000710e00000, 0x0000000710e00000| Complete 
| 205|0x0000000710f00000, 0x0000000711000000, 0x0000000711000000|100%| E|CS|TAMS 0x0000000710f00000, 0x0000000710f00000| Complete 
| 206|0x0000000711000000, 0x0000000711100000, 0x0000000711100000|100%| E|CS|TAMS 0x0000000711000000, 0x0000000711000000| Complete 
| 207|0x0000000711100000, 0x0000000711200000, 0x0000000711200000|100%| E|CS|TAMS 0x0000000711100000, 0x0000000711100000| Complete 
| 208|0x0000000711200000, 0x0000000711300000, 0x0000000711300000|100%| E|CS|TAMS 0x0000000711200000, 0x0000000711200000| Complete 
| 209|0x0000000711300000, 0x0000000711400000, 0x0000000711400000|100%| E|CS|TAMS 0x0000000711300000, 0x0000000711300000| Complete 
| 210|0x0000000711400000, 0x0000000711500000, 0x0000000711500000|100%| E|CS|TAMS 0x0000000711400000, 0x0000000711400000| Complete 
| 211|0x0000000711500000, 0x0000000711600000, 0x0000000711600000|100%| E|CS|TAMS 0x0000000711500000, 0x0000000711500000| Complete 
| 212|0x0000000711600000, 0x0000000711700000, 0x0000000711700000|100%| E|CS|TAMS 0x0000000711600000, 0x0000000711600000| Complete 
| 213|0x0000000711700000, 0x0000000711800000, 0x0000000711800000|100%| E|CS|TAMS 0x0000000711700000, 0x0000000711700000| Complete 
| 214|0x0000000711800000, 0x0000000711900000, 0x0000000711900000|100%| E|CS|TAMS 0x0000000711800000, 0x0000000711800000| Complete 
| 215|0x0000000711900000, 0x0000000711a00000, 0x0000000711a00000|100%| E|CS|TAMS 0x0000000711900000, 0x0000000711900000| Complete 
| 216|0x0000000711a00000, 0x0000000711b00000, 0x0000000711b00000|100%| E|CS|TAMS 0x0000000711a00000, 0x0000000711a00000| Complete 
| 217|0x0000000711b00000, 0x0000000711c00000, 0x0000000711c00000|100%| E|CS|TAMS 0x0000000711b00000, 0x0000000711b00000| Complete 
| 218|0x0000000711c00000, 0x0000000711d00000, 0x0000000711d00000|100%| E|CS|TAMS 0x0000000711c00000, 0x0000000711c00000| Complete 
| 219|0x0000000711d00000, 0x0000000711e00000, 0x0000000711e00000|100%| E|CS|TAMS 0x0000000711d00000, 0x0000000711d00000| Complete 
| 220|0x0000000711e00000, 0x0000000711f00000, 0x0000000711f00000|100%| E|CS|TAMS 0x0000000711e00000, 0x0000000711e00000| Complete 
| 221|0x0000000711f00000, 0x0000000712000000, 0x0000000712000000|100%| E|CS|TAMS 0x0000000711f00000, 0x0000000711f00000| Complete 
| 222|0x0000000712000000, 0x0000000712100000, 0x0000000712100000|100%| E|CS|TAMS 0x0000000712000000, 0x0000000712000000| Complete 
| 223|0x0000000712100000, 0x0000000712200000, 0x0000000712200000|100%| E|CS|TAMS 0x0000000712100000, 0x0000000712100000| Complete 
| 224|0x0000000712200000, 0x0000000712300000, 0x0000000712300000|100%| E|CS|TAMS 0x0000000712200000, 0x0000000712200000| Complete 
| 225|0x0000000712300000, 0x0000000712400000, 0x0000000712400000|100%| E|CS|TAMS 0x0000000712300000, 0x0000000712300000| Complete 
| 226|0x0000000712400000, 0x0000000712500000, 0x0000000712500000|100%| E|CS|TAMS 0x0000000712400000, 0x0000000712400000| Complete 
| 227|0x0000000712500000, 0x0000000712600000, 0x0000000712600000|100%| E|CS|TAMS 0x0000000712500000, 0x0000000712500000| Complete 
| 228|0x0000000712600000, 0x0000000712700000, 0x0000000712700000|100%| E|CS|TAMS 0x0000000712600000, 0x0000000712600000| Complete 
| 229|0x0000000712700000, 0x0000000712800000, 0x0000000712800000|100%| E|CS|TAMS 0x0000000712700000, 0x0000000712700000| Complete 
| 230|0x0000000712800000, 0x0000000712900000, 0x0000000712900000|100%| E|CS|TAMS 0x0000000712800000, 0x0000000712800000| Complete 
| 231|0x0000000712900000, 0x0000000712a00000, 0x0000000712a00000|100%| E|CS|TAMS 0x0000000712900000, 0x0000000712900000| Complete 
| 232|0x0000000712a00000, 0x0000000712b00000, 0x0000000712b00000|100%| E|CS|TAMS 0x0000000712a00000, 0x0000000712a00000| Complete 
| 233|0x0000000712b00000, 0x0000000712c00000, 0x0000000712c00000|100%| E|CS|TAMS 0x0000000712b00000, 0x0000000712b00000| Complete 
| 234|0x0000000712c00000, 0x0000000712d00000, 0x0000000712d00000|100%| E|CS|TAMS 0x0000000712c00000, 0x0000000712c00000| Complete 
| 235|0x0000000712d00000, 0x0000000712e00000, 0x0000000712e00000|100%| E|CS|TAMS 0x0000000712d00000, 0x0000000712d00000| Complete 
| 236|0x0000000712e00000, 0x0000000712f00000, 0x0000000712f00000|100%| E|CS|TAMS 0x0000000712e00000, 0x0000000712e00000| Complete 
| 237|0x0000000712f00000, 0x0000000713000000, 0x0000000713000000|100%| E|CS|TAMS 0x0000000712f00000, 0x0000000712f00000| Complete 
| 238|0x0000000713000000, 0x0000000713100000, 0x0000000713100000|100%| E|CS|TAMS 0x0000000713000000, 0x0000000713000000| Complete 
| 239|0x0000000713100000, 0x0000000713200000, 0x0000000713200000|100%| E|CS|TAMS 0x0000000713100000, 0x0000000713100000| Complete 
| 240|0x0000000713200000, 0x0000000713300000, 0x0000000713300000|100%| E|CS|TAMS 0x0000000713200000, 0x0000000713200000| Complete 
| 241|0x0000000713300000, 0x0000000713400000, 0x0000000713400000|100%| E|CS|TAMS 0x0000000713300000, 0x0000000713300000| Complete 
| 242|0x0000000713400000, 0x0000000713500000, 0x0000000713500000|100%| E|CS|TAMS 0x0000000713400000, 0x0000000713400000| Complete 
| 243|0x0000000713500000, 0x0000000713600000, 0x0000000713600000|100%| E|CS|TAMS 0x0000000713500000, 0x0000000713500000| Complete 
| 244|0x0000000713600000, 0x0000000713700000, 0x0000000713700000|100%| E|CS|TAMS 0x0000000713600000, 0x0000000713600000| Complete 
| 245|0x0000000713700000, 0x0000000713800000, 0x0000000713800000|100%| E|CS|TAMS 0x0000000713700000, 0x0000000713700000| Complete 
| 246|0x0000000713800000, 0x0000000713900000, 0x0000000713900000|100%| E|CS|TAMS 0x0000000713800000, 0x0000000713800000| Complete 
| 247|0x0000000713900000, 0x0000000713a00000, 0x0000000713a00000|100%| E|CS|TAMS 0x0000000713900000, 0x0000000713900000| Complete 
| 248|0x0000000713a00000, 0x0000000713b00000, 0x0000000713b00000|100%| E|CS|TAMS 0x0000000713a00000, 0x0000000713a00000| Complete 
| 249|0x0000000713b00000, 0x0000000713c00000, 0x0000000713c00000|100%| E|CS|TAMS 0x0000000713b00000, 0x0000000713b00000| Complete 
| 250|0x0000000713c00000, 0x0000000713d00000, 0x0000000713d00000|100%| E|CS|TAMS 0x0000000713c00000, 0x0000000713c00000| Complete 
| 251|0x0000000713d00000, 0x0000000713e00000, 0x0000000713e00000|100%| E|CS|TAMS 0x0000000713d00000, 0x0000000713d00000| Complete 

Card table byte_map: [0x000002d021ad0000,0x000002d0222b0000] _byte_map_base: 0x000002d01e2af000

Marking Bits (Prev, Next): (CMBitMap*) 0x000002d007a16fb8, (CMBitMap*) 0x000002d007a16ff0
 Prev Bits: [0x000002d022a90000, 0x000002d026988000)
 Next Bits: [0x000002d026990000, 0x000002d02a888000)

Polling page: 0x000002d007a90000

Metaspace:

Usage:
  Non-class:     35.30 MB capacity,    34.73 MB ( 98%) used,   469.73 KB (  1%) free+waste,   120.56 KB ( <1%) overhead. 
      Class:      5.18 MB capacity,     4.77 MB ( 92%) used,   369.11 KB (  7%) free+waste,    56.81 KB (  1%) overhead. 
       Both:     40.49 MB capacity,    39.49 MB ( 98%) used,   838.84 KB (  2%) free+waste,   177.38 KB ( <1%) overhead. 

Virtual space:
  Non-class space:       36.00 MB reserved,      35.50 MB ( 99%) committed 
      Class space:        1.00 GB reserved,       5.25 MB ( <1%) committed 
             Both:        1.04 GB reserved,      40.75 MB (  4%) committed 

Chunk freelists:
   Non-Class:  10.00 KB
       Class:  5.00 KB
        Both:  15.00 KB

MaxMetaspaceSize: 17179869184.00 GB
CompressedClassSpaceSize: 1.00 GB

CodeHeap 'non-profiled nmethods': size=120000Kb used=2083Kb max_used=2083Kb free=117916Kb
 bounds [0x000002d019360000, 0x000002d0195d0000, 0x000002d020890000]
CodeHeap 'profiled nmethods': size=120000Kb used=8723Kb max_used=8723Kb free=111276Kb
 bounds [0x000002d011e30000, 0x000002d0126c0000, 0x000002d019360000]
CodeHeap 'non-nmethods': size=5760Kb used=1159Kb max_used=1217Kb free=4600Kb
 bounds [0x000002d011890000, 0x000002d011b00000, 0x000002d011e30000]
 total_blobs=4331 nmethods=3860 adapters=381
 compilation: enabled
              stopped_count=0, restarted_count=0
 full_count=0

Compilation events (20 events):
Event: 4.859 Thread 0x000002d02dd18800 3900       2       org.springframework.beans.factory.support.AbstractBeanFactory::isPrototypeCurrentlyInCreation (46 bytes)
Event: 4.860 Thread 0x000002d02dd18800 nmethod 3900 0x000002d0126b2290 code [0x000002d0126b2460, 0x000002d0126b26e8]
Event: 4.861 Thread 0x000002d02dd18800 3901       2       org.springframework.util.ReflectionUtils::getAllDeclaredMethods (38 bytes)
Event: 4.861 Thread 0x000002d02dd18800 nmethod 3901 0x000002d0126b2810 code [0x000002d0126b29e0, 0x000002d0126b2cc8]
Event: 4.861 Thread 0x000002d02dd18800 3902       2       org.springframework.util.ReflectionUtils$$Lambda$336/0x0000000800429440::get$Lambda (9 bytes)
Event: 4.861 Thread 0x000002d02dd18800 nmethod 3902 0x000002d0126b2e90 code [0x000002d0126b3040, 0x000002d0126b31d8]
Event: 4.861 Thread 0x000002d02dd18800 3903       2       org.springframework.util.ReflectionUtils$$Lambda$336/0x0000000800429440::<init> (10 bytes)
Event: 4.861 Thread 0x000002d02dd18800 nmethod 3903 0x000002d0126b3290 code [0x000002d0126b3440, 0x000002d0126b3598]
Event: 4.861 Thread 0x000002d02dd18800 3904       2       org.springframework.util.ReflectionUtils::doWithMethods (7 bytes)
Event: 4.861 Thread 0x000002d02dd18800 nmethod 3904 0x000002d0126b3610 code [0x000002d0126b37c0, 0x000002d0126b38c8]
Event: 4.861 Thread 0x000002d02dd18800 3905       1       org.springframework.beans.factory.support.AbstractBeanFactory::getConversionService (5 bytes)
Event: 4.861 Thread 0x000002d02dd18800 nmethod 3905 0x000002d019568790 code [0x000002d019568940, 0x000002d0195689f8]
Event: 4.868 Thread 0x000002d02dd18800 3906   !   2       org.springframework.util.ClassUtils::isVisible (26 bytes)
Event: 4.868 Thread 0x000002d02dd18800 nmethod 3906 0x000002d0126b3990 code [0x000002d0126b3b80, 0x000002d0126b3f78]
Event: 4.868 Thread 0x000002d02dd18800 3907       2       org.springframework.core.io.support.PathMatchingResourcePatternResolver::getClassLoader (10 bytes)
Event: 4.869 Thread 0x000002d02dd18800 nmethod 3907 0x000002d0126b4310 code [0x000002d0126b44c0, 0x000002d0126b45e8]
Event: 4.872 Thread 0x000002d02dd18800 3908       1       org.springframework.beans.PropertyEditorRegistrySupport::setConversionService (6 bytes)
Event: 4.873 Thread 0x000002d02dd18800 nmethod 3908 0x000002d019568a90 code [0x000002d019568c40, 0x000002d019568d58]
Event: 4.880 Thread 0x000002d02dd18800 3909       2       org.springframework.context.support.GenericApplicationContext::getClassLoader (29 bytes)
Event: 4.881 Thread 0x000002d02dd18800 nmethod 3909 0x000002d0126b4690 code [0x000002d0126b4860, 0x000002d0126b49d8]

GC Heap History (8 events):
Event: 0.821 GC heap before
{Heap before GC invocations=0 (full 0):
 garbage-first heap   total 258048K, used 23552K [0x0000000704200000, 0x0000000800000000)
  region size 1024K, 24 young (24576K), 0 survivors (0K)
 Metaspace       used 12635K, capacity 12874K, committed 13184K, reserved 1060864K
  class space    used 1246K, capacity 1337K, committed 1408K, reserved 1048576K
}
Event: 0.828 GC heap after
{Heap after GC invocations=1 (full 0):
 garbage-first heap   total 258048K, used 4708K [0x0000000704200000, 0x0000000800000000)
  region size 1024K, 3 young (3072K), 3 survivors (3072K)
 Metaspace       used 12635K, capacity 12874K, committed 13184K, reserved 1060864K
  class space    used 1246K, capacity 1337K, committed 1408K, reserved 1048576K
}
Event: 1.393 GC heap before
{Heap before GC invocations=1 (full 0):
 garbage-first heap   total 258048K, used 46692K [0x0000000704200000, 0x0000000800000000)
  region size 1024K, 45 young (46080K), 3 survivors (3072K)
 Metaspace       used 20799K, capacity 21213K, committed 21248K, reserved 1069056K
  class space    used 2381K, capacity 2549K, committed 2560K, reserved 1048576K
}
Event: 1.399 GC heap after
{Heap after GC invocations=2 (full 0):
 garbage-first heap   total 258048K, used 6984K [0x0000000704200000, 0x0000000800000000)
  region size 1024K, 6 young (6144K), 6 survivors (6144K)
 Metaspace       used 20799K, capacity 21213K, committed 21248K, reserved 1069056K
  class space    used 2381K, capacity 2549K, committed 2560K, reserved 1048576K
}
Event: 2.052 GC heap before
{Heap before GC invocations=3 (full 0):
 garbage-first heap   total 258048K, used 51016K [0x0000000704200000, 0x0000000800000000)
  region size 1024K, 49 young (50176K), 6 survivors (6144K)
 Metaspace       used 27543K, capacity 28202K, committed 28416K, reserved 1075200K
  class space    used 3218K, capacity 3475K, committed 3584K, reserved 1048576K
}
Event: 2.060 GC heap after
{Heap after GC invocations=4 (full 0):
 garbage-first heap   total 258048K, used 8713K [0x0000000704200000, 0x0000000800000000)
  region size 1024K, 4 young (4096K), 4 survivors (4096K)
 Metaspace       used 27543K, capacity 28202K, committed 28416K, reserved 1075200K
  class space    used 3218K, capacity 3475K, committed 3584K, reserved 1048576K
}
Event: 3.564 GC heap before
{Heap before GC invocations=4 (full 0):
 garbage-first heap   total 258048K, used 127497K [0x0000000704200000, 0x0000000800000000)
  region size 1024K, 121 young (123904K), 4 survivors (4096K)
 Metaspace       used 34748K, capacity 35589K, committed 35628K, reserved 1081344K
  class space    used 4202K, capacity 4570K, committed 4608K, reserved 1048576K
}
Event: 3.580 GC heap after
{Heap after GC invocations=5 (full 0):
 garbage-first heap   total 258048K, used 11785K [0x0000000704200000, 0x0000000800000000)
  region size 1024K, 7 young (7168K), 7 survivors (7168K)
 Metaspace       used 34748K, capacity 35589K, committed 35628K, reserved 1081344K
  class space    used 4202K, capacity 4570K, committed 4608K, reserved 1048576K
}

Deoptimization events (20 events):
Event: 4.607 Thread 0x000002d02edef000 Uncommon trap: trap_request=0xffffff4d fr.pc=0x000002d019491608 relative=0x00000000000001a8
Event: 4.607 Thread 0x000002d02edef000 Uncommon trap: reason=unstable_if action=reinterpret pc=0x000002d019491608 method=java.util.regex.Matcher.reset()Ljava/util/regex/Matcher; @ 47 c2
Event: 4.607 Thread 0x000002d02edef000 DEOPT PACKING pc=0x000002d019491608 sp=0x000000efd80fa5b0
Event: 4.607 Thread 0x000002d02edef000 DEOPT UNPACKING pc=0x000002d0118983af sp=0x000000efd80fa538 mode 2
Event: 4.651 Thread 0x000002d02edef000 Uncommon trap: trap_request=0xffffff4d fr.pc=0x000002d01953c918 relative=0x0000000000002778
Event: 4.651 Thread 0x000002d02edef000 Uncommon trap: reason=unstable_if action=reinterpret pc=0x000002d01953c918 method=org.springframework.core.annotation.AnnotationsScanner.getBaseTypeMethods(Ljava/lang/Object;Ljava/lang/Class;Ljava/util/function/BiPredicate;)[Ljava/lang/reflect/Method; @ 1
Event: 4.652 Thread 0x000002d02edef000 DEOPT PACKING pc=0x000002d01953c918 sp=0x000000efd80fae00
Event: 4.652 Thread 0x000002d02edef000 DEOPT UNPACKING pc=0x000002d0118983af sp=0x000000efd80fae08 mode 2
Event: 4.730 Thread 0x000002d02edef000 Uncommon trap: trap_request=0xffffff4d fr.pc=0x000002d01951d35c relative=0x00000000000048dc
Event: 4.730 Thread 0x000002d02edef000 Uncommon trap: reason=unstable_if action=reinterpret pc=0x000002d01951d35c method=org.springframework.core.annotation.AnnotationsScanner.processClassHierarchy(Ljava/lang/Object;[ILjava/lang/Class;Lorg/springframework/core/annotation/AnnotationsProcessor;L
Event: 4.730 Thread 0x000002d02edef000 DEOPT PACKING pc=0x000002d01951d35c sp=0x000000efd80fbf20
Event: 4.730 Thread 0x000002d02edef000 DEOPT UNPACKING pc=0x000002d0118983af sp=0x000000efd80fbf40 mode 2
Event: 4.855 Thread 0x000002d02edef000 Uncommon trap: trap_request=0xffffff4d fr.pc=0x000002d0193f684c relative=0x000000000000134c
Event: 4.855 Thread 0x000002d02edef000 Uncommon trap: reason=unstable_if action=reinterpret pc=0x000002d0193f684c method=java.util.concurrent.ConcurrentHashMap.transfer([Ljava/util/concurrent/ConcurrentHashMap$Node;[Ljava/util/concurrent/ConcurrentHashMap$Node;)V @ 352 c2
Event: 4.855 Thread 0x000002d02edef000 DEOPT PACKING pc=0x000002d0193f684c sp=0x000000efd80fbe20
Event: 4.855 Thread 0x000002d02edef000 DEOPT UNPACKING pc=0x000002d0118983af sp=0x000000efd80fbdb8 mode 2
Event: 4.856 Thread 0x000002d02edef000 Uncommon trap: trap_request=0xffffff4d fr.pc=0x000002d0193f1770 relative=0x0000000000001110
Event: 4.856 Thread 0x000002d02edef000 Uncommon trap: reason=unstable_if action=reinterpret pc=0x000002d0193f1770 method=java.util.concurrent.ConcurrentHashMap.transfer([Ljava/util/concurrent/ConcurrentHashMap$Node;[Ljava/util/concurrent/ConcurrentHashMap$Node;)V @ 352 c2
Event: 4.856 Thread 0x000002d02edef000 DEOPT PACKING pc=0x000002d0193f1770 sp=0x000000efd80fbe40
Event: 4.856 Thread 0x000002d02edef000 DEOPT UNPACKING pc=0x000002d0118983af sp=0x000000efd80fbdb8 mode 2

Classes redefined (0 events):
No events

Internal exceptions (20 events):
Event: 4.582 Thread 0x000002d02edef000 Exception <a 'java/lang/ClassNotFoundException'{0x000000071197b8f0}: org/springframework/beans/factory/BeanFactoryAwareCustomizer> (0x000000071197b8f0) thrown at [./src/hotspot/share/classfile/systemDictionary.cpp, line 231]
Event: 4.582 Thread 0x000002d02edef000 Exception <a 'java/lang/ClassNotFoundException'{0x0000000711985e70}: org/springframework/beans/factory/AwareCustomizer> (0x0000000711985e70) thrown at [./src/hotspot/share/classfile/systemDictionary.cpp, line 231]
Event: 4.582 Thread 0x000002d02edef000 Exception <a 'java/lang/ClassNotFoundException'{0x0000000711991758}: org/springframework/security/config/annotation/web/WebSecurityConfigurerCustomizer> (0x0000000711991758) thrown at [./src/hotspot/share/classfile/systemDictionary.cpp, line 231]
Event: 4.582 Thread 0x000002d02edef000 Exception <a 'java/lang/ClassNotFoundException'{0x000000071199ccf0}: org/springframework/security/config/annotation/SecurityConfigurerCustomizer> (0x000000071199ccf0) thrown at [./src/hotspot/share/classfile/systemDictionary.cpp, line 231]
Event: 4.622 Thread 0x000002d02edef000 Exception <a 'java/lang/ClassNotFoundException'{0x00000007118a7b90}: java/lang/ObjectCustomizer> (0x00000007118a7b90) thrown at [./src/hotspot/share/classfile/systemDictionary.cpp, line 231]
Event: 4.623 Thread 0x000002d02edef000 Exception <a 'java/lang/ClassNotFoundException'{0x00000007118b7548}: org/springframework/web/servlet/config/annotation/WebMvcConfigurationSupportCustomizer> (0x00000007118b7548) thrown at [./src/hotspot/share/classfile/systemDictionary.cpp, line 231]
Event: 4.625 Thread 0x000002d02edef000 Exception <a 'java/lang/ClassNotFoundException'{0x00000007118d1d70}: org/springframework/web/servlet/config/annotation/DelegatingWebMvcConfigurationCustomizer> (0x00000007118d1d70) thrown at [./src/hotspot/share/classfile/systemDictionary.cpp, line 231]
Event: 4.626 Thread 0x000002d02edef000 Exception <a 'java/lang/ClassNotFoundException'{0x00000007118e4378}: org/springframework/boot/autoconfigure/web/servlet/WebMvcAutoConfiguration$EnableWebMvcConfigurationCustomizer> (0x00000007118e4378) thrown at [./src/hotspot/share/classfile/systemDictionary.cpp, line 231]
Event: 4.627 Thread 0x000002d02edef000 Exception <a 'java/lang/ClassNotFoundException'{0x00000007118fb6c0}: org/springframework/context/ResourceLoaderAwareCustomizer> (0x00000007118fb6c0) thrown at [./src/hotspot/share/classfile/systemDictionary.cpp, line 231]
Event: 4.627 Thread 0x000002d02edef000 Exception <a 'java/lang/ClassNotFoundException'{0x00000007117063e8}: org/springframework/beans/factory/AwareCustomizer> (0x00000007117063e8) thrown at [./src/hotspot/share/classfile/systemDictionary.cpp, line 231]
Event: 4.628 Thread 0x000002d02edef000 Exception <a 'java/lang/ClassNotFoundException'{0x0000000711710f30}: org/springframework/context/ApplicationContextAwareCustomizer> (0x0000000711710f30) thrown at [./src/hotspot/share/classfile/systemDictionary.cpp, line 231]
Event: 4.628 Thread 0x000002d02edef000 Exception <a 'java/lang/ClassNotFoundException'{0x000000071171c110}: org/springframework/beans/factory/AwareCustomizer> (0x000000071171c110) thrown at [./src/hotspot/share/classfile/systemDictionary.cpp, line 231]
Event: 4.628 Thread 0x000002d02edef000 Exception <a 'java/lang/ClassNotFoundException'{0x0000000711726c30}: org/springframework/web/context/ServletContextAwareCustomizer> (0x0000000711726c30) thrown at [./src/hotspot/share/classfile/systemDictionary.cpp, line 231]
Event: 4.629 Thread 0x000002d02edef000 Exception <a 'java/lang/ClassNotFoundException'{0x00000007117318e8}: org/springframework/beans/factory/AwareCustomizer> (0x00000007117318e8) thrown at [./src/hotspot/share/classfile/systemDictionary.cpp, line 231]
Event: 4.664 Thread 0x000002d02edef000 Exception <a 'java/lang/ClassNotFoundException'{0x000000071150a7e0}: java/lang/ObjectCustomizer> (0x000000071150a7e0) thrown at [./src/hotspot/share/classfile/systemDictionary.cpp, line 231]
Event: 4.664 Thread 0x000002d02edef000 Exception <a 'java/lang/ClassNotFoundException'{0x000000071151a878}: org/springframework/security/config/annotation/web/configuration/WebSecurityConfigurationCustomizer> (0x000000071151a878) thrown at [./src/hotspot/share/classfile/systemDictionary.cpp, line 231]
Event: 4.665 Thread 0x000002d02edef000 Exception <a 'java/lang/ClassNotFoundException'{0x000000071152f148}: org/springframework/context/annotation/ImportAwareCustomizer> (0x000000071152f148) thrown at [./src/hotspot/share/classfile/systemDictionary.cpp, line 231]
Event: 4.666 Thread 0x000002d02edef000 Exception <a 'java/lang/ClassNotFoundException'{0x0000000711538f40}: org/springframework/beans/factory/AwareCustomizer> (0x0000000711538f40) thrown at [./src/hotspot/share/classfile/systemDictionary.cpp, line 231]
Event: 4.666 Thread 0x000002d02edef000 Exception <a 'java/lang/ClassNotFoundException'{0x0000000711543090}: org/springframework/beans/factory/BeanClassLoaderAwareCustomizer> (0x0000000711543090) thrown at [./src/hotspot/share/classfile/systemDictionary.cpp, line 231]
Event: 4.666 Thread 0x000002d02edef000 Exception <a 'java/lang/ClassNotFoundException'{0x000000071154ce98}: org/springframework/beans/factory/AwareCustomizer> (0x000000071154ce98) thrown at [./src/hotspot/share/classfile/systemDictionary.cpp, line 231]

Events (20 events):
Event: 4.863 loading class org/springframework/security/web/util/ThrowableCauseExtractor
Event: 4.863 loading class org/springframework/security/web/util/ThrowableCauseExtractor done
Event: 4.864 loading class org/springframework/security/web/util/ThrowableCauseExtractor
Event: 4.864 loading class org/springframework/security/web/util/ThrowableCauseExtractor done
Event: 4.864 loading class org/springframework/security/web/savedrequest/HttpSessionRequestCache
Event: 4.864 loading class org/springframework/security/web/savedrequest/HttpSessionRequestCache done
Event: 4.865 loading class org/springframework/security/web/PortResolver
Event: 4.865 loading class org/springframework/security/web/PortResolver done
Event: 4.865 loading class org/springframework/security/web/PortResolverImpl
Event: 4.865 loading class org/springframework/security/web/PortResolverImpl done
Event: 4.865 loading class org/springframework/security/web/PortMapper
Event: 4.865 loading class org/springframework/security/web/PortMapper done
Event: 4.865 loading class org/springframework/security/web/PortMapperImpl
Event: 4.865 loading class org/springframework/security/web/PortMapperImpl done
Event: 4.873 loading class org/springframework/security/web/authentication/SimpleUrlAuthenticationFailureHandler
Event: 4.873 loading class org/springframework/security/web/authentication/SimpleUrlAuthenticationFailureHandler done
Event: 4.874 loading class org/springframework/security/web/RedirectStrategy
Event: 4.874 loading class org/springframework/security/web/RedirectStrategy done
Event: 4.874 loading class org/springframework/security/web/DefaultRedirectStrategy
Event: 4.874 loading class org/springframework/security/web/DefaultRedirectStrategy done


Dynamic libraries:
0x00007ff6ace40000 - 0x00007ff6ace4d000 	C:\Program Files\OpenJDK\jdk-11.0.10+9\bin\java.exe
0x00007ffefd470000 - 0x00007ffefd665000 	C:\WINDOWS\SYSTEM32\ntdll.dll
0x00007ffefba00000 - 0x00007ffefbabe000 	C:\WINDOWS\System32\KERNEL32.DLL
0x00007ffefb0f0000 - 0x00007ffefb3b8000 	C:\WINDOWS\System32\KERNELBASE.dll
0x00007ffefb3c0000 - 0x00007ffefb4c0000 	C:\WINDOWS\System32\ucrtbase.dll
0x00007ffed85f0000 - 0x00007ffed8607000 	C:\Program Files\OpenJDK\jdk-11.0.10+9\bin\jli.dll
0x00007ffee91d0000 - 0x00007ffee91e5000 	C:\Program Files\OpenJDK\jdk-11.0.10+9\bin\VCRUNTIME140.dll
0x00007ffefd280000 - 0x00007ffefd421000 	C:\WINDOWS\System32\USER32.dll
0x00007ffefadc0000 - 0x00007ffefade2000 	C:\WINDOWS\System32\win32u.dll
0x00007ffed2fb0000 - 0x00007ffed324a000 	C:\WINDOWS\WinSxS\amd64_microsoft.windows.common-controls_6595b64144ccf1df_6.0.19041.1110_none_60b5254171f9507e\COMCTL32.dll
0x00007ffefbcd0000 - 0x00007ffefbcfb000 	C:\WINDOWS\System32\GDI32.dll
0x00007ffefb730000 - 0x00007ffefb7ce000 	C:\WINDOWS\System32\msvcrt.dll
0x00007ffefae80000 - 0x00007ffefaf8b000 	C:\WINDOWS\System32\gdi32full.dll
0x00007ffefacd0000 - 0x00007ffefad6d000 	C:\WINDOWS\System32\msvcp_win.dll
0x00007ffefb960000 - 0x00007ffefb990000 	C:\WINDOWS\System32\IMM32.DLL
0x00007ffec18a0000 - 0x00007ffec193b000 	C:\Program Files\OpenJDK\jdk-11.0.10+9\bin\msvcp140.dll
0x00007ffea7450000 - 0x00007ffea7f93000 	C:\Program Files\OpenJDK\jdk-11.0.10+9\bin\server\jvm.dll
0x00007ffefc470000 - 0x00007ffefc51c000 	C:\WINDOWS\System32\ADVAPI32.dll
0x00007ffefb860000 - 0x00007ffefb8fb000 	C:\WINDOWS\System32\sechost.dll
0x00007ffefd150000 - 0x00007ffefd27a000 	C:\WINDOWS\System32\RPCRT4.dll
0x00007ffefb5f0000 - 0x00007ffefb5f8000 	C:\WINDOWS\System32\PSAPI.DLL
0x00007ffee8410000 - 0x00007ffee841a000 	C:\WINDOWS\SYSTEM32\VERSION.dll
0x00007ffee0f40000 - 0x00007ffee0f49000 	C:\WINDOWS\SYSTEM32\WSOCK32.dll
0x00007ffed9140000 - 0x00007ffed9167000 	C:\WINDOWS\SYSTEM32\WINMM.dll
0x00007ffefb990000 - 0x00007ffefb9fb000 	C:\WINDOWS\System32\WS2_32.dll
0x00007ffef9410000 - 0x00007ffef9422000 	C:\WINDOWS\SYSTEM32\kernel.appcore.dll
0x00007ffef6420000 - 0x00007ffef6430000 	C:\Program Files\OpenJDK\jdk-11.0.10+9\bin\verify.dll
0x00007ffef5370000 - 0x00007ffef5554000 	C:\WINDOWS\SYSTEM32\DBGHELP.DLL
0x00007ffecaaa0000 - 0x00007ffecaacc000 	C:\WINDOWS\SYSTEM32\dbgcore.DLL
0x00007ffefab90000 - 0x00007ffefac13000 	C:\WINDOWS\System32\bcryptPrimitives.dll
0x00007ffed3d40000 - 0x00007ffed3d68000 	C:\Program Files\OpenJDK\jdk-11.0.10+9\bin\java.dll
0x00007ffef4240000 - 0x00007ffef424a000 	C:\Program Files\OpenJDK\jdk-11.0.10+9\bin\jimage.dll
0x00007ffef32e0000 - 0x00007ffef32ee000 	C:\Program Files\OpenJDK\jdk-11.0.10+9\bin\instrument.dll
0x00007ffed3e30000 - 0x00007ffed3e47000 	C:\Program Files\OpenJDK\jdk-11.0.10+9\bin\zip.dll
0x00007ffefbd10000 - 0x00007ffefc44f000 	C:\WINDOWS\System32\SHELL32.dll
0x00007ffef8c40000 - 0x00007ffef93d0000 	C:\WINDOWS\SYSTEM32\windows.storage.dll
0x00007ffefc770000 - 0x00007ffefcac5000 	C:\WINDOWS\System32\combase.dll
0x00007ffefa620000 - 0x00007ffefa64e000 	C:\WINDOWS\SYSTEM32\Wldp.dll
0x00007ffefcad0000 - 0x00007ffefcb7d000 	C:\WINDOWS\System32\SHCORE.dll
0x00007ffefc520000 - 0x00007ffefc575000 	C:\WINDOWS\System32\shlwapi.dll
0x00007ffefaad0000 - 0x00007ffefaaef000 	C:\WINDOWS\SYSTEM32\profapi.dll
0x00007ffed3dc0000 - 0x00007ffed3dd9000 	C:\Program Files\OpenJDK\jdk-11.0.10+9\bin\net.dll
0x00007ffef5570000 - 0x00007ffef567c000 	C:\WINDOWS\SYSTEM32\WINHTTP.dll
0x00007ffefa340000 - 0x00007ffefa3aa000 	C:\WINDOWS\system32\mswsock.dll
0x00007ffed34c0000 - 0x00007ffed34d2000 	C:\Program Files\OpenJDK\jdk-11.0.10+9\bin\nio.dll
0x00007ffed34a0000 - 0x00007ffed34ba000 	C:\Program Files\JetBrains\IntelliJ IDEA Community Edition 2020.3.2\bin\breakgen64.dll
0x00007ffef2e40000 - 0x00007ffef2e49000 	C:\Program Files\OpenJDK\jdk-11.0.10+9\bin\management.dll
0x00007ffee93c0000 - 0x00007ffee93cb000 	C:\Program Files\OpenJDK\jdk-11.0.10+9\bin\management_ext.dll
0x00007ffe8d460000 - 0x00007ffe8d477000 	C:\WINDOWS\system32\napinsp.dll
0x00007ffe8d440000 - 0x00007ffe8d45b000 	C:\WINDOWS\system32\pnrpnsp.dll
0x00007ffef5350000 - 0x00007ffef5365000 	C:\WINDOWS\system32\wshbth.dll
0x00007ffef63e0000 - 0x00007ffef63fd000 	C:\WINDOWS\system32\NLAapi.dll
0x00007ffef9fe0000 - 0x00007ffefa01b000 	C:\WINDOWS\SYSTEM32\IPHLPAPI.DLL
0x00007ffefa030000 - 0x00007ffefa0fb000 	C:\WINDOWS\SYSTEM32\DNSAPI.dll
0x00007ffefb600000 - 0x00007ffefb608000 	C:\WINDOWS\System32\NSI.dll
0x00007ffe8d420000 - 0x00007ffe8d432000 	C:\WINDOWS\System32\winrnr.dll
0x00007ffef2c50000 - 0x00007ffef2c5a000 	C:\Windows\System32\rasadhlp.dll
0x00007ffee8fa0000 - 0x00007ffee901f000 	C:\WINDOWS\System32\fwpuclnt.dll
0x00007ffefae50000 - 0x00007ffefae77000 	C:\WINDOWS\System32\bcrypt.dll
0x00007ffefa530000 - 0x00007ffefa548000 	C:\WINDOWS\SYSTEM32\CRYPTSP.dll
0x00007ffef9c50000 - 0x00007ffef9c84000 	C:\WINDOWS\system32\rsaenh.dll
0x00007ffefaa90000 - 0x00007ffefaabe000 	C:\WINDOWS\SYSTEM32\USERENV.dll
0x00007ffefa550000 - 0x00007ffefa55c000 	C:\WINDOWS\SYSTEM32\CRYPTBASE.dll
0x00007ffef1b80000 - 0x00007ffef1b97000 	C:\WINDOWS\SYSTEM32\dhcpcsvc6.DLL
0x00007ffef1b60000 - 0x00007ffef1b7d000 	C:\WINDOWS\SYSTEM32\dhcpcsvc.DLL

dbghelp: loaded successfully - version: 4.0.5 - missing functions: none
symbol engine: initialized successfully - sym options: 0x614 - pdb path: .;C:\Program Files\OpenJDK\jdk-11.0.10+9\bin;C:\WINDOWS\SYSTEM32;C:\WINDOWS\WinSxS\amd64_microsoft.windows.common-controls_6595b64144ccf1df_6.0.19041.1110_none_60b5254171f9507e;C:\Program Files\OpenJDK\jdk-11.0.10+9\bin\server;C:\Program Files\JetBrains\IntelliJ IDEA Community Edition 2020.3.2\bin

VM Arguments:
jvm_args: -javaagent:C:\Program Files\JetBrains\IntelliJ IDEA Community Edition 2020.3.2\lib\idea_rt.jar=63364:C:\Program Files\JetBrains\IntelliJ IDEA Community Edition 2020.3.2\bin -Dfile.encoding=UTF-8 
java_command: com.techelevator.Application
java_class_path (initial): C:\Users\Student\source\repos\team-delta-java-blue-final-capstone\java\target\classes;C:\Users\Student\.m2\repository\org\springframework\boot\spring-boot-starter-data-jdbc\2.3.0.RELEASE\spring-boot-starter-data-jdbc-2.3.0.RELEASE.jar;C:\Users\Student\.m2\repository\org\springframework\boot\spring-boot-starter-jdbc\2.3.0.RELEASE\spring-boot-starter-jdbc-2.3.0.RELEASE.jar;C:\Users\Student\.m2\repository\com\zaxxer\HikariCP\3.4.5\HikariCP-3.4.5.jar;C:\Users\Student\.m2\repository\org\springframework\spring-jdbc\5.2.6.RELEASE\spring-jdbc-5.2.6.RELEASE.jar;C:\Users\Student\.m2\repository\org\springframework\data\spring-data-jdbc\2.0.0.RELEASE\spring-data-jdbc-2.0.0.RELEASE.jar;C:\Users\Student\.m2\repository\org\springframework\data\spring-data-relational\2.0.0.RELEASE\spring-data-relational-2.0.0.RELEASE.jar;C:\Users\Student\.m2\repository\org\springframework\data\spring-data-commons\2.3.0.RELEASE\spring-data-commons-2.3.0.RELEASE.jar;C:\Users\Student\.m2\repository\org\springframework\spring-tx\5.2.6.RELEASE\spring-tx-5.2.6.RELEASE.jar;C:\Users\Student\.m2\repository\org\springframework\spring-context\5.2.6.RELEASE\spring-context-5.2.6.RELEASE.jar;C:\Users\Student\.m2\repository\org\springframework\spring-beans\5.2.6.RELEASE\spring-beans-5.2.6.RELEASE.jar;C:\Users\Student\.m2\repository\org\slf4j\slf4j-api\1.7.30\slf4j-api-1.7.30.jar;C:\Users\Student\.m2\repository\org\springframework\boot\spring-boot-starter-security\2.3.0.RELEASE\spring-boot-starter-security-2.3.0.RELEASE.jar;C:\Users\Student\.m2\repository\org\springframework\boot\spring-boot-starter\2.3.0.RELEASE\spring-boot-starter-2.3.0.RELEASE.jar;C:\Users\Student\.m2\repository\org\springframework\boot\spring-boot-starter-logging\2.3.0.RELEASE\spring-boot-starter-logging-2.3.0.RELEASE.jar;C:\Users\Student\.m2\repository\ch\qos\logback\logback-classic\1.2.3\logback-classic-1.2.3.jar;C:\Users\Student\.m2\repository\ch\qos\logback\logback-core\1.2.3\logback-core-1.2.3.jar;C:\Users\Stu
Launcher Type: SUN_STANDARD

[Global flags]
     intx CICompilerCount                          = 4                                         {product} {ergonomic}
     uint ConcGCThreads                            = 2                                         {product} {ergonomic}
     uint G1ConcRefinementThreads                  = 8                                         {product} {ergonomic}
   size_t G1HeapRegionSize                         = 1048576                                   {product} {ergonomic}
    uintx GCDrainStackTargetSize                   = 64                                        {product} {ergonomic}
   size_t InitialHeapSize                          = 264241152                                 {product} {ergonomic}
   size_t MarkStackSize                            = 4194304                                   {product} {ergonomic}
   size_t MaxHeapSize                              = 4225761280                                {product} {ergonomic}
   size_t MaxNewSize                               = 2535456768                                {product} {ergonomic}
   size_t MinHeapDeltaBytes                        = 1048576                                   {product} {ergonomic}
    uintx NonNMethodCodeHeapSize                   = 5836300                                {pd product} {ergonomic}
    uintx NonProfiledCodeHeapSize                  = 122910970                              {pd product} {ergonomic}
    uintx ProfiledCodeHeapSize                     = 122910970                              {pd product} {ergonomic}
    uintx ReservedCodeCacheSize                    = 251658240                              {pd product} {ergonomic}
     bool SegmentedCodeCache                       = true                                      {product} {ergonomic}
     bool UseCompressedClassPointers               = true                                 {lp64_product} {ergonomic}
     bool UseCompressedOops                        = true                                 {lp64_product} {ergonomic}
     bool UseG1GC                                  = true                                      {product} {ergonomic}
     bool UseLargePagesIndividualAllocation        = false                                  {pd product} {ergonomic}

Logging:
Log output configuration:
 #0: stdout all=warning uptime,level,tags
 #1: stderr all=off uptime,level,tags

Environment Variables:
JAVA_HOME=C:\Program Files\OpenJDK\jdk-11.0.10+9
PATH=C:\WINDOWS\system32;C:\WINDOWS;C:\WINDOWS\System32\Wbem;C:\WINDOWS\System32\WindowsPowerShell\v1.0\;C:\WINDOWS\System32\OpenSSH\;C:\ProgramData\chocolatey\bin;C:\Program Files\Git\cmd;C:\Program Files\dotnet\;C:\Program Files\Microsoft SQL Server\130\Tools\Binn\;C:\Program Files\Microsoft SQL Server\Client SDK\ODBC\170\Tools\Binn\;C:\Program Files (x86)\Microsoft SQL Server\150\Tools\Binn\;C:\Program Files\Microsoft SQL Server\150\Tools\Binn\;C:\Program Files\Microsoft SQL Server\150\DTS\Binn\;C:\Program Files (x86)\Microsoft SQL Server\150\DTS\Binn\;C:\Program Files\Azure Data Studio\bin;C:\Program Files\OpenJDK\jdk-11.0.10+9\bin;C:\Program Files\PostgreSQL\12\bin;C:\Program Files\Maven\apache-maven-3.6.3\bin;C:\Program Files\ChromeDriver;C:\Program Files\Node\node-v14.15.5-win-x64;;C:\Program Files\Microsoft VS Code\bin;C:\Users\Student\AppData\Local\Microsoft\WindowsApps;C:\Users\Student\.dotnet\tools;C:\Program Files\Azure Data Studio\bin
USERNAME=Student
OS=Windows_NT
PROCESSOR_IDENTIFIER=Intel64 Family 6 Model 140 Stepping 1, GenuineIntel



---------------  S Y S T E M  ---------------

OS: Windows 10 , 64 bit Build 19041 (10.0.19041.1348)
OS uptime: 4 days 4:13 hours

CPU:total 8 (initial active 8) (4 cores per cpu, 2 threads per core) family 6 model 140 stepping 1 microcode 0x6e, cmov, cx8, fxsr, mmx, sse, sse2, sse3, ssse3, sse4.1, sse4.2, popcnt, avx, avx2, aes, clmul, erms, 3dnowpref, lzcnt, ht, tsc, tscinvbit, bmi1, bmi2, adx, evex, sha, fma

Memory: 4k page, system-wide physical 16113M (3306M free)
TotalPageFile size 19205M (AvailPageFile size 5M)
current process WorkingSet (physical memory assigned to process): 292M, peak: 293M
current process commit charge ("private bytes"): 474M, peak: 475M

vm_info: OpenJDK 64-Bit Server VM (11.0.10+9) for windows-amd64 JRE (11.0.10+9), built on Jan 20 2021 06:07:07 by "" with MS VC++ 15.9 (VS2017)

END.
