#
# There is insufficient memory for the Java Runtime Environment to continue.
# Native memory allocation (malloc) failed to allocate 1151696 bytes for Chunk::new
# Possible reasons:
#   The system is out of physical RAM or swap space
#   The process is running with CompressedOops enabled, and the Java Heap may be blocking the growth of the native heap
# Possible solutions:
#   Reduce memory load on the system
#   Increase physical memory or swap space
#   Check if swap backing store is full
#   Decrease Java heap size (-Xmx/-Xms)
#   Decrease number of Java threads
#   Decrease Java thread stack sizes (-Xss)
#   Set larger code cache with -XX:ReservedCodeCacheSize=
#   JVM is running with Zero Based Compressed Oops mode in which the Java heap is
#     placed in the first 32GB address space. The Java Heap base address is the
#     maximum limit for the native heap growth. Please use -XX:HeapBaseMinAddress
#     to set the Java Heap base and to place the Java Heap above 32GB virtual address.
# This output file may be truncated or incomplete.
#
#  Out of Memory Error (./src/hotspot/share/memory/arena.cpp:197), pid=35472, tid=33984
#
# JRE version: OpenJDK Runtime Environment AdoptOpenJDK (11.0.10+9) (build 11.0.10+9)
# Java VM: OpenJDK 64-Bit Server VM AdoptOpenJDK (11.0.10+9, mixed mode, tiered, compressed oops, g1 gc, windows-amd64)
# No core dump will be written. Minidumps are not enabled by default on client versions of Windows
#

---------------  S U M M A R Y ------------

Command Line: -javaagent:C:\Program Files\JetBrains\IntelliJ IDEA Community Edition 2020.3.2\lib\idea_rt.jar=53548:C:\Program Files\JetBrains\IntelliJ IDEA Community Edition 2020.3.2\bin -Dfile.encoding=UTF-8 com.techelevator.Application

Host: 11th Gen Intel(R) Core(TM) i7-1185G7 @ 3.00GHz, 8 cores, 15G,  Windows 10 , 64 bit Build 19041 (10.0.19041.1348)
Time: Fri Dec 10 16:54:17 2021 Eastern Standard Time elapsed time: 1.470038 seconds (0d 0h 0m 1s)

---------------  T H R E A D  ---------------

Current thread (0x0000017212243000):  JavaThread "C2 CompilerThread1" daemon [_thread_in_native, id=33984, stack(0x0000000c6a100000,0x0000000c6a200000)]


Current CompileTask:
C2:   1470 1599   !   4       java.net.URL::<init> (543 bytes)

Stack: [0x0000000c6a100000,0x0000000c6a200000]
Native frames: (J=compiled Java code, j=interpreted, Vv=VM code, C=native code)
V  [jvm.dll+0x5f35ea]
V  [jvm.dll+0x77c65e]
V  [jvm.dll+0x77dd2f]
V  [jvm.dll+0x77e3f3]
V  [jvm.dll+0x246c38]
V  [jvm.dll+0xbe6cc]
V  [jvm.dll+0xbedcc]
V  [jvm.dll+0x34bf92]
V  [jvm.dll+0x198919]
V  [jvm.dll+0x200632]
V  [jvm.dll+0x1ff70f]
V  [jvm.dll+0x1846bc]
V  [jvm.dll+0x20ec37]
V  [jvm.dll+0x20ce1b]
V  [jvm.dll+0x740b39]
V  [jvm.dll+0x739ba4]
V  [jvm.dll+0x5f2466]
C  [ucrtbase.dll+0x21bb2]
C  [KERNEL32.DLL+0x17034]
C  [ntdll.dll+0x52651]


---------------  P R O C E S S  ---------------

Threads class SMR info:
_java_thread_list=0x0000017212924ae0, length=15, elements={
0x000001726dbf2000, 0x0000017211726000, 0x0000017211fdb800, 0x0000017212026800,
0x000001721202a000, 0x000001721202b000, 0x000001721202e000, 0x0000017212039800,
0x0000017212040000, 0x0000017212163000, 0x0000017212243000, 0x00000172124a1000,
0x000001721275f000, 0x0000017212b49800, 0x0000017213400800
}

Java Threads: ( => current thread )
  0x000001726dbf2000 JavaThread "main" [_thread_blocked, id=9436, stack(0x0000000c69100000,0x0000000c69200000)]
  0x0000017211726000 JavaThread "Reference Handler" daemon [_thread_blocked, id=36000, stack(0x0000000c69800000,0x0000000c69900000)]
  0x0000017211fdb800 JavaThread "Finalizer" daemon [_thread_blocked, id=11444, stack(0x0000000c69900000,0x0000000c69a00000)]
  0x0000017212026800 JavaThread "Signal Dispatcher" daemon [_thread_blocked, id=2008, stack(0x0000000c69a00000,0x0000000c69b00000)]
  0x000001721202a000 JavaThread "Attach Listener" daemon [_thread_blocked, id=30996, stack(0x0000000c69b00000,0x0000000c69c00000)]
  0x000001721202b000 JavaThread "Service Thread" daemon [_thread_blocked, id=27196, stack(0x0000000c69c00000,0x0000000c69d00000)]
  0x000001721202e000 JavaThread "C2 CompilerThread0" daemon [_thread_in_native, id=32120, stack(0x0000000c69d00000,0x0000000c69e00000)]
  0x0000017212039800 JavaThread "C1 CompilerThread0" daemon [_thread_blocked, id=20952, stack(0x0000000c69e00000,0x0000000c69f00000)]
  0x0000017212040000 JavaThread "Sweeper thread" daemon [_thread_blocked, id=24580, stack(0x0000000c69f00000,0x0000000c6a000000)]
  0x0000017212163000 JavaThread "Common-Cleaner" daemon [_thread_blocked, id=9060, stack(0x0000000c6a000000,0x0000000c6a100000)]
=>0x0000017212243000 JavaThread "C2 CompilerThread1" daemon [_thread_in_native, id=33984, stack(0x0000000c6a100000,0x0000000c6a200000)]
  0x00000172124a1000 JavaThread "Monitor Ctrl-Break" daemon [_thread_in_native, id=32208, stack(0x0000000c6a200000,0x0000000c6a300000)]
  0x000001721275f000 JavaThread "Thread-0" [_thread_blocked, id=10900, stack(0x0000000c6a400000,0x0000000c6a500000)]
  0x0000017212b49800 JavaThread "restartedMain" [_thread_in_native, id=28776, stack(0x0000000c6a500000,0x0000000c6a600000)]
  0x0000017213400800 JavaThread "background-preinit" [_thread_in_vm, id=15812, stack(0x0000000c6a600000,0x0000000c6a700000)]

Other Threads:
  0x0000017211723000 VMThread "VM Thread" [stack: 0x0000000c69700000,0x0000000c69800000] [id=17752]
  0x00000172125db800 WatcherThread [stack: 0x0000000c6a300000,0x0000000c6a400000] [id=23816]
  0x000001726dc0b800 GCTaskThread "GC Thread#0" [stack: 0x0000000c69200000,0x0000000c69300000] [id=8808]
  0x0000017212ba4800 GCTaskThread "GC Thread#1" [stack: 0x0000000c6a700000,0x0000000c6a800000] [id=18112]
  0x0000017212ba5800 GCTaskThread "GC Thread#2" [stack: 0x0000000c6a800000,0x0000000c6a900000] [id=22196]
  0x0000017212ba9000 GCTaskThread "GC Thread#3" [stack: 0x0000000c6a900000,0x0000000c6aa00000] [id=25828]
  0x0000017212ba6000 GCTaskThread "GC Thread#4" [stack: 0x0000000c6aa00000,0x0000000c6ab00000] [id=13932]
  0x0000017212baa000 GCTaskThread "GC Thread#5" [stack: 0x0000000c6ab00000,0x0000000c6ac00000] [id=19764]
  0x0000017212ba8800 GCTaskThread "GC Thread#6" [stack: 0x0000000c6ac00000,0x0000000c6ad00000] [id=18912]
  0x0000017212ba7800 GCTaskThread "GC Thread#7" [stack: 0x0000000c6ad00000,0x0000000c6ae00000] [id=37592]
  0x000001726dc68000 ConcurrentGCThread "G1 Main Marker" [stack: 0x0000000c69300000,0x0000000c69400000] [id=31256]
  0x000001726dc6c800 ConcurrentGCThread "G1 Conc#0" [stack: 0x0000000c69400000,0x0000000c69500000] [id=29912]
  0x0000017212ba4000 ConcurrentGCThread "G1 Conc#1" [stack: 0x0000000c6ae00000,0x0000000c6af00000] [id=26804]
  0x000001721160d000 ConcurrentGCThread "G1 Refine#0" [stack: 0x0000000c69500000,0x0000000c69600000] [id=23556]
  0x000001721160e000 ConcurrentGCThread "G1 Young RemSet Sampling" [stack: 0x0000000c69600000,0x0000000c69700000] [id=24612]

Threads with active compile tasks:
C2 CompilerThread0   1484 1805       4       java.net.URLStreamHandler::setURL (73 bytes)
C2 CompilerThread1   1484 1599   !   4       java.net.URL::<init> (543 bytes)

VM state:not at safepoint (normal execution)

VM Mutex/Monitor currently owned by a thread: None

Heap address: 0x0000000704200000, size: 4030 MB, Compressed Oops mode: Zero based, Oop shift amount: 3
Narrow klass base: 0x0000000800000000, Narrow klass shift: 0
Compressed class space size: 1073741824 Address: 0x0000000800000000

Heap:
 garbage-first heap   total 258048K, used 18006K [0x0000000704200000, 0x0000000800000000)
  region size 1024K, 17 young (17408K), 5 survivors (5120K)
 Metaspace       used 23280K, capacity 23774K, committed 23932K, reserved 1071104K
  class space    used 2672K, capacity 2872K, committed 2940K, reserved 1048576K
Heap Regions: E=young(eden), S=young(survivor), O=old, HS=humongous(starts), HC=humongous(continues), CS=collection set, F=free, A=archive, TAMS=top-at-mark-start (previous, next)
|   0|0x0000000704200000, 0x0000000704300000, 0x0000000704300000|100%| O|  |TAMS 0x0000000704300000, 0x0000000704200000| Untracked 
|   1|0x0000000704300000, 0x00000007043a0600, 0x0000000704400000| 62%| O|  |TAMS 0x00000007043a0600, 0x0000000704300000| Untracked 
|   2|0x0000000704400000, 0x0000000704400000, 0x0000000704500000|  0%| F|  |TAMS 0x0000000704400000, 0x0000000704400000| Untracked 
|   3|0x0000000704500000, 0x0000000704500000, 0x0000000704600000|  0%| F|  |TAMS 0x0000000704500000, 0x0000000704500000| Untracked 
|   4|0x0000000704600000, 0x0000000704600000, 0x0000000704700000|  0%| F|  |TAMS 0x0000000704600000, 0x0000000704600000| Untracked 
|   5|0x0000000704700000, 0x0000000704700000, 0x0000000704800000|  0%| F|  |TAMS 0x0000000704700000, 0x0000000704700000| Untracked 
|   6|0x0000000704800000, 0x0000000704800000, 0x0000000704900000|  0%| F|  |TAMS 0x0000000704800000, 0x0000000704800000| Untracked 
|   7|0x0000000704900000, 0x0000000704900000, 0x0000000704a00000|  0%| F|  |TAMS 0x0000000704900000, 0x0000000704900000| Untracked 
|   8|0x0000000704a00000, 0x0000000704a00000, 0x0000000704b00000|  0%| F|  |TAMS 0x0000000704a00000, 0x0000000704a00000| Untracked 
|   9|0x0000000704b00000, 0x0000000704b00000, 0x0000000704c00000|  0%| F|  |TAMS 0x0000000704b00000, 0x0000000704b00000| Untracked 
|  10|0x0000000704c00000, 0x0000000704c00000, 0x0000000704d00000|  0%| F|  |TAMS 0x0000000704c00000, 0x0000000704c00000| Untracked 
|  11|0x0000000704d00000, 0x0000000704d00000, 0x0000000704e00000|  0%| F|  |TAMS 0x0000000704d00000, 0x0000000704d00000| Untracked 
|  12|0x0000000704e00000, 0x0000000704e00000, 0x0000000704f00000|  0%| F|  |TAMS 0x0000000704e00000, 0x0000000704e00000| Untracked 
|  13|0x0000000704f00000, 0x0000000704f00000, 0x0000000705000000|  0%| F|  |TAMS 0x0000000704f00000, 0x0000000704f00000| Untracked 
|  14|0x0000000705000000, 0x0000000705000000, 0x0000000705100000|  0%| F|  |TAMS 0x0000000705000000, 0x0000000705000000| Untracked 
|  15|0x0000000705100000, 0x0000000705100000, 0x0000000705200000|  0%| F|  |TAMS 0x0000000705100000, 0x0000000705100000| Untracked 
|  16|0x0000000705200000, 0x0000000705200000, 0x0000000705300000|  0%| F|  |TAMS 0x0000000705200000, 0x0000000705200000| Untracked 
|  17|0x0000000705300000, 0x0000000705300000, 0x0000000705400000|  0%| F|  |TAMS 0x0000000705300000, 0x0000000705300000| Untracked 
|  18|0x0000000705400000, 0x0000000705400000, 0x0000000705500000|  0%| F|  |TAMS 0x0000000705400000, 0x0000000705400000| Untracked 
|  19|0x0000000705500000, 0x0000000705500000, 0x0000000705600000|  0%| F|  |TAMS 0x0000000705500000, 0x0000000705500000| Untracked 
|  20|0x0000000705600000, 0x0000000705600000, 0x0000000705700000|  0%| F|  |TAMS 0x0000000705600000, 0x0000000705600000| Untracked 
|  21|0x0000000705700000, 0x0000000705700000, 0x0000000705800000|  0%| F|  |TAMS 0x0000000705700000, 0x0000000705700000| Untracked 
|  22|0x0000000705800000, 0x0000000705800000, 0x0000000705900000|  0%| F|  |TAMS 0x0000000705800000, 0x0000000705800000| Untracked 
|  23|0x0000000705900000, 0x0000000705900000, 0x0000000705a00000|  0%| F|  |TAMS 0x0000000705900000, 0x0000000705900000| Untracked 
|  24|0x0000000705a00000, 0x0000000705a00000, 0x0000000705b00000|  0%| F|  |TAMS 0x0000000705a00000, 0x0000000705a00000| Untracked 
|  25|0x0000000705b00000, 0x0000000705b00000, 0x0000000705c00000|  0%| F|  |TAMS 0x0000000705b00000, 0x0000000705b00000| Untracked 
|  26|0x0000000705c00000, 0x0000000705c00000, 0x0000000705d00000|  0%| F|  |TAMS 0x0000000705c00000, 0x0000000705c00000| Untracked 
|  27|0x0000000705d00000, 0x0000000705d00000, 0x0000000705e00000|  0%| F|  |TAMS 0x0000000705d00000, 0x0000000705d00000| Untracked 
|  28|0x0000000705e00000, 0x0000000705e00000, 0x0000000705f00000|  0%| F|  |TAMS 0x0000000705e00000, 0x0000000705e00000| Untracked 
|  29|0x0000000705f00000, 0x0000000705f00000, 0x0000000706000000|  0%| F|  |TAMS 0x0000000705f00000, 0x0000000705f00000| Untracked 
|  30|0x0000000706000000, 0x0000000706000000, 0x0000000706100000|  0%| F|  |TAMS 0x0000000706000000, 0x0000000706000000| Untracked 
|  31|0x0000000706100000, 0x0000000706100000, 0x0000000706200000|  0%| F|  |TAMS 0x0000000706100000, 0x0000000706100000| Untracked 
|  32|0x0000000706200000, 0x0000000706200000, 0x0000000706300000|  0%| F|  |TAMS 0x0000000706200000, 0x0000000706200000| Untracked 
|  33|0x0000000706300000, 0x0000000706300000, 0x0000000706400000|  0%| F|  |TAMS 0x0000000706300000, 0x0000000706300000| Untracked 
|  34|0x0000000706400000, 0x0000000706400000, 0x0000000706500000|  0%| F|  |TAMS 0x0000000706400000, 0x0000000706400000| Untracked 
|  35|0x0000000706500000, 0x0000000706500000, 0x0000000706600000|  0%| F|  |TAMS 0x0000000706500000, 0x0000000706500000| Untracked 
|  36|0x0000000706600000, 0x0000000706600000, 0x0000000706700000|  0%| F|  |TAMS 0x0000000706600000, 0x0000000706600000| Untracked 
|  37|0x0000000706700000, 0x0000000706700000, 0x0000000706800000|  0%| F|  |TAMS 0x0000000706700000, 0x0000000706700000| Untracked 
|  38|0x0000000706800000, 0x0000000706800000, 0x0000000706900000|  0%| F|  |TAMS 0x0000000706800000, 0x0000000706800000| Untracked 
|  39|0x0000000706900000, 0x0000000706900000, 0x0000000706a00000|  0%| F|  |TAMS 0x0000000706900000, 0x0000000706900000| Untracked 
|  40|0x0000000706a00000, 0x0000000706a00000, 0x0000000706b00000|  0%| F|  |TAMS 0x0000000706a00000, 0x0000000706a00000| Untracked 
|  41|0x0000000706b00000, 0x0000000706b00000, 0x0000000706c00000|  0%| F|  |TAMS 0x0000000706b00000, 0x0000000706b00000| Untracked 
|  42|0x0000000706c00000, 0x0000000706c00000, 0x0000000706d00000|  0%| F|  |TAMS 0x0000000706c00000, 0x0000000706c00000| Untracked 
|  43|0x0000000706d00000, 0x0000000706d00000, 0x0000000706e00000|  0%| F|  |TAMS 0x0000000706d00000, 0x0000000706d00000| Untracked 
|  44|0x0000000706e00000, 0x0000000706e00000, 0x0000000706f00000|  0%| F|  |TAMS 0x0000000706e00000, 0x0000000706e00000| Untracked 
|  45|0x0000000706f00000, 0x0000000706f00000, 0x0000000707000000|  0%| F|  |TAMS 0x0000000706f00000, 0x0000000706f00000| Untracked 
|  46|0x0000000707000000, 0x0000000707000000, 0x0000000707100000|  0%| F|  |TAMS 0x0000000707000000, 0x0000000707000000| Untracked 
|  47|0x0000000707100000, 0x0000000707100000, 0x0000000707200000|  0%| F|  |TAMS 0x0000000707100000, 0x0000000707100000| Untracked 
|  48|0x0000000707200000, 0x0000000707200000, 0x0000000707300000|  0%| F|  |TAMS 0x0000000707200000, 0x0000000707200000| Untracked 
|  49|0x0000000707300000, 0x0000000707300000, 0x0000000707400000|  0%| F|  |TAMS 0x0000000707300000, 0x0000000707300000| Untracked 
|  50|0x0000000707400000, 0x0000000707400000, 0x0000000707500000|  0%| F|  |TAMS 0x0000000707400000, 0x0000000707400000| Untracked 
|  51|0x0000000707500000, 0x0000000707500000, 0x0000000707600000|  0%| F|  |TAMS 0x0000000707500000, 0x0000000707500000| Untracked 
|  52|0x0000000707600000, 0x0000000707600000, 0x0000000707700000|  0%| F|  |TAMS 0x0000000707600000, 0x0000000707600000| Untracked 
|  53|0x0000000707700000, 0x0000000707700000, 0x0000000707800000|  0%| F|  |TAMS 0x0000000707700000, 0x0000000707700000| Untracked 
|  54|0x0000000707800000, 0x0000000707800000, 0x0000000707900000|  0%| F|  |TAMS 0x0000000707800000, 0x0000000707800000| Untracked 
|  55|0x0000000707900000, 0x0000000707900000, 0x0000000707a00000|  0%| F|  |TAMS 0x0000000707900000, 0x0000000707900000| Untracked 
|  56|0x0000000707a00000, 0x0000000707a00000, 0x0000000707b00000|  0%| F|  |TAMS 0x0000000707a00000, 0x0000000707a00000| Untracked 
|  57|0x0000000707b00000, 0x0000000707b00000, 0x0000000707c00000|  0%| F|  |TAMS 0x0000000707b00000, 0x0000000707b00000| Untracked 
|  58|0x0000000707c00000, 0x0000000707c00000, 0x0000000707d00000|  0%| F|  |TAMS 0x0000000707c00000, 0x0000000707c00000| Untracked 
|  59|0x0000000707d00000, 0x0000000707d00000, 0x0000000707e00000|  0%| F|  |TAMS 0x0000000707d00000, 0x0000000707d00000| Untracked 
|  60|0x0000000707e00000, 0x0000000707e00000, 0x0000000707f00000|  0%| F|  |TAMS 0x0000000707e00000, 0x0000000707e00000| Untracked 
|  61|0x0000000707f00000, 0x0000000707f00000, 0x0000000708000000|  0%| F|  |TAMS 0x0000000707f00000, 0x0000000707f00000| Untracked 
|  62|0x0000000708000000, 0x0000000708000000, 0x0000000708100000|  0%| F|  |TAMS 0x0000000708000000, 0x0000000708000000| Untracked 
|  63|0x0000000708100000, 0x0000000708100000, 0x0000000708200000|  0%| F|  |TAMS 0x0000000708100000, 0x0000000708100000| Untracked 
|  64|0x0000000708200000, 0x0000000708200000, 0x0000000708300000|  0%| F|  |TAMS 0x0000000708200000, 0x0000000708200000| Untracked 
|  65|0x0000000708300000, 0x0000000708300000, 0x0000000708400000|  0%| F|  |TAMS 0x0000000708300000, 0x0000000708300000| Untracked 
|  66|0x0000000708400000, 0x0000000708400000, 0x0000000708500000|  0%| F|  |TAMS 0x0000000708400000, 0x0000000708400000| Untracked 
|  67|0x0000000708500000, 0x0000000708500000, 0x0000000708600000|  0%| F|  |TAMS 0x0000000708500000, 0x0000000708500000| Untracked 
|  68|0x0000000708600000, 0x0000000708600000, 0x0000000708700000|  0%| F|  |TAMS 0x0000000708600000, 0x0000000708600000| Untracked 
|  69|0x0000000708700000, 0x0000000708700000, 0x0000000708800000|  0%| F|  |TAMS 0x0000000708700000, 0x0000000708700000| Untracked 
|  70|0x0000000708800000, 0x0000000708800000, 0x0000000708900000|  0%| F|  |TAMS 0x0000000708800000, 0x0000000708800000| Untracked 
|  71|0x0000000708900000, 0x0000000708900000, 0x0000000708a00000|  0%| F|  |TAMS 0x0000000708900000, 0x0000000708900000| Untracked 
|  72|0x0000000708a00000, 0x0000000708a00000, 0x0000000708b00000|  0%| F|  |TAMS 0x0000000708a00000, 0x0000000708a00000| Untracked 
|  73|0x0000000708b00000, 0x0000000708b00000, 0x0000000708c00000|  0%| F|  |TAMS 0x0000000708b00000, 0x0000000708b00000| Untracked 
|  74|0x0000000708c00000, 0x0000000708c00000, 0x0000000708d00000|  0%| F|  |TAMS 0x0000000708c00000, 0x0000000708c00000| Untracked 
|  75|0x0000000708d00000, 0x0000000708d00000, 0x0000000708e00000|  0%| F|  |TAMS 0x0000000708d00000, 0x0000000708d00000| Untracked 
|  76|0x0000000708e00000, 0x0000000708e00000, 0x0000000708f00000|  0%| F|  |TAMS 0x0000000708e00000, 0x0000000708e00000| Untracked 
|  77|0x0000000708f00000, 0x0000000708f00000, 0x0000000709000000|  0%| F|  |TAMS 0x0000000708f00000, 0x0000000708f00000| Untracked 
|  78|0x0000000709000000, 0x0000000709000000, 0x0000000709100000|  0%| F|  |TAMS 0x0000000709000000, 0x0000000709000000| Untracked 
|  79|0x0000000709100000, 0x0000000709100000, 0x0000000709200000|  0%| F|  |TAMS 0x0000000709100000, 0x0000000709100000| Untracked 
|  80|0x0000000709200000, 0x0000000709200000, 0x0000000709300000|  0%| F|  |TAMS 0x0000000709200000, 0x0000000709200000| Untracked 
|  81|0x0000000709300000, 0x0000000709300000, 0x0000000709400000|  0%| F|  |TAMS 0x0000000709300000, 0x0000000709300000| Untracked 
|  82|0x0000000709400000, 0x0000000709400000, 0x0000000709500000|  0%| F|  |TAMS 0x0000000709400000, 0x0000000709400000| Untracked 
|  83|0x0000000709500000, 0x0000000709500000, 0x0000000709600000|  0%| F|  |TAMS 0x0000000709500000, 0x0000000709500000| Untracked 
|  84|0x0000000709600000, 0x0000000709600000, 0x0000000709700000|  0%| F|  |TAMS 0x0000000709600000, 0x0000000709600000| Untracked 
|  85|0x0000000709700000, 0x0000000709700000, 0x0000000709800000|  0%| F|  |TAMS 0x0000000709700000, 0x0000000709700000| Untracked 
|  86|0x0000000709800000, 0x0000000709800000, 0x0000000709900000|  0%| F|  |TAMS 0x0000000709800000, 0x0000000709800000| Untracked 
|  87|0x0000000709900000, 0x0000000709900000, 0x0000000709a00000|  0%| F|  |TAMS 0x0000000709900000, 0x0000000709900000| Untracked 
|  88|0x0000000709a00000, 0x0000000709a00000, 0x0000000709b00000|  0%| F|  |TAMS 0x0000000709a00000, 0x0000000709a00000| Untracked 
|  89|0x0000000709b00000, 0x0000000709b00000, 0x0000000709c00000|  0%| F|  |TAMS 0x0000000709b00000, 0x0000000709b00000| Untracked 
|  90|0x0000000709c00000, 0x0000000709c00000, 0x0000000709d00000|  0%| F|  |TAMS 0x0000000709c00000, 0x0000000709c00000| Untracked 
|  91|0x0000000709d00000, 0x0000000709d00000, 0x0000000709e00000|  0%| F|  |TAMS 0x0000000709d00000, 0x0000000709d00000| Untracked 
|  92|0x0000000709e00000, 0x0000000709e00000, 0x0000000709f00000|  0%| F|  |TAMS 0x0000000709e00000, 0x0000000709e00000| Untracked 
|  93|0x0000000709f00000, 0x0000000709f00000, 0x000000070a000000|  0%| F|  |TAMS 0x0000000709f00000, 0x0000000709f00000| Untracked 
|  94|0x000000070a000000, 0x000000070a000000, 0x000000070a100000|  0%| F|  |TAMS 0x000000070a000000, 0x000000070a000000| Untracked 
|  95|0x000000070a100000, 0x000000070a100000, 0x000000070a200000|  0%| F|  |TAMS 0x000000070a100000, 0x000000070a100000| Untracked 
|  96|0x000000070a200000, 0x000000070a200000, 0x000000070a300000|  0%| F|  |TAMS 0x000000070a200000, 0x000000070a200000| Untracked 
|  97|0x000000070a300000, 0x000000070a300000, 0x000000070a400000|  0%| F|  |TAMS 0x000000070a300000, 0x000000070a300000| Untracked 
|  98|0x000000070a400000, 0x000000070a400000, 0x000000070a500000|  0%| F|  |TAMS 0x000000070a400000, 0x000000070a400000| Untracked 
|  99|0x000000070a500000, 0x000000070a500000, 0x000000070a600000|  0%| F|  |TAMS 0x000000070a500000, 0x000000070a500000| Untracked 
| 100|0x000000070a600000, 0x000000070a600000, 0x000000070a700000|  0%| F|  |TAMS 0x000000070a600000, 0x000000070a600000| Untracked 
| 101|0x000000070a700000, 0x000000070a700000, 0x000000070a800000|  0%| F|  |TAMS 0x000000070a700000, 0x000000070a700000| Untracked 
| 102|0x000000070a800000, 0x000000070a800000, 0x000000070a900000|  0%| F|  |TAMS 0x000000070a800000, 0x000000070a800000| Untracked 
| 103|0x000000070a900000, 0x000000070a900000, 0x000000070aa00000|  0%| F|  |TAMS 0x000000070a900000, 0x000000070a900000| Untracked 
| 104|0x000000070aa00000, 0x000000070aa00000, 0x000000070ab00000|  0%| F|  |TAMS 0x000000070aa00000, 0x000000070aa00000| Untracked 
| 105|0x000000070ab00000, 0x000000070ab00000, 0x000000070ac00000|  0%| F|  |TAMS 0x000000070ab00000, 0x000000070ab00000| Untracked 
| 106|0x000000070ac00000, 0x000000070ac00000, 0x000000070ad00000|  0%| F|  |TAMS 0x000000070ac00000, 0x000000070ac00000| Untracked 
| 107|0x000000070ad00000, 0x000000070ad00000, 0x000000070ae00000|  0%| F|  |TAMS 0x000000070ad00000, 0x000000070ad00000| Untracked 
| 108|0x000000070ae00000, 0x000000070ae00000, 0x000000070af00000|  0%| F|  |TAMS 0x000000070ae00000, 0x000000070ae00000| Untracked 
| 109|0x000000070af00000, 0x000000070af00000, 0x000000070b000000|  0%| F|  |TAMS 0x000000070af00000, 0x000000070af00000| Untracked 
| 110|0x000000070b000000, 0x000000070b000000, 0x000000070b100000|  0%| F|  |TAMS 0x000000070b000000, 0x000000070b000000| Untracked 
| 111|0x000000070b100000, 0x000000070b100000, 0x000000070b200000|  0%| F|  |TAMS 0x000000070b100000, 0x000000070b100000| Untracked 
| 112|0x000000070b200000, 0x000000070b200000, 0x000000070b300000|  0%| F|  |TAMS 0x000000070b200000, 0x000000070b200000| Untracked 
| 113|0x000000070b300000, 0x000000070b300000, 0x000000070b400000|  0%| F|  |TAMS 0x000000070b300000, 0x000000070b300000| Untracked 
| 114|0x000000070b400000, 0x000000070b400000, 0x000000070b500000|  0%| F|  |TAMS 0x000000070b400000, 0x000000070b400000| Untracked 
| 115|0x000000070b500000, 0x000000070b500000, 0x000000070b600000|  0%| F|  |TAMS 0x000000070b500000, 0x000000070b500000| Untracked 
| 116|0x000000070b600000, 0x000000070b600000, 0x000000070b700000|  0%| F|  |TAMS 0x000000070b600000, 0x000000070b600000| Untracked 
| 117|0x000000070b700000, 0x000000070b700000, 0x000000070b800000|  0%| F|  |TAMS 0x000000070b700000, 0x000000070b700000| Untracked 
| 118|0x000000070b800000, 0x000000070b800000, 0x000000070b900000|  0%| F|  |TAMS 0x000000070b800000, 0x000000070b800000| Untracked 
| 119|0x000000070b900000, 0x000000070b900000, 0x000000070ba00000|  0%| F|  |TAMS 0x000000070b900000, 0x000000070b900000| Untracked 
| 120|0x000000070ba00000, 0x000000070ba00000, 0x000000070bb00000|  0%| F|  |TAMS 0x000000070ba00000, 0x000000070ba00000| Untracked 
| 121|0x000000070bb00000, 0x000000070bb00000, 0x000000070bc00000|  0%| F|  |TAMS 0x000000070bb00000, 0x000000070bb00000| Untracked 
| 122|0x000000070bc00000, 0x000000070bc00000, 0x000000070bd00000|  0%| F|  |TAMS 0x000000070bc00000, 0x000000070bc00000| Untracked 
| 123|0x000000070bd00000, 0x000000070bd00000, 0x000000070be00000|  0%| F|  |TAMS 0x000000070bd00000, 0x000000070bd00000| Untracked 
| 124|0x000000070be00000, 0x000000070be00000, 0x000000070bf00000|  0%| F|  |TAMS 0x000000070be00000, 0x000000070be00000| Untracked 
| 125|0x000000070bf00000, 0x000000070bf00000, 0x000000070c000000|  0%| F|  |TAMS 0x000000070bf00000, 0x000000070bf00000| Untracked 
| 126|0x000000070c000000, 0x000000070c000000, 0x000000070c100000|  0%| F|  |TAMS 0x000000070c000000, 0x000000070c000000| Untracked 
| 127|0x000000070c100000, 0x000000070c100000, 0x000000070c200000|  0%| F|  |TAMS 0x000000070c100000, 0x000000070c100000| Untracked 
| 128|0x000000070c200000, 0x000000070c200000, 0x000000070c300000|  0%| F|  |TAMS 0x000000070c200000, 0x000000070c200000| Untracked 
| 129|0x000000070c300000, 0x000000070c300000, 0x000000070c400000|  0%| F|  |TAMS 0x000000070c300000, 0x000000070c300000| Untracked 
| 130|0x000000070c400000, 0x000000070c400000, 0x000000070c500000|  0%| F|  |TAMS 0x000000070c400000, 0x000000070c400000| Untracked 
| 131|0x000000070c500000, 0x000000070c500000, 0x000000070c600000|  0%| F|  |TAMS 0x000000070c500000, 0x000000070c500000| Untracked 
| 132|0x000000070c600000, 0x000000070c600000, 0x000000070c700000|  0%| F|  |TAMS 0x000000070c600000, 0x000000070c600000| Untracked 
| 133|0x000000070c700000, 0x000000070c700000, 0x000000070c800000|  0%| F|  |TAMS 0x000000070c700000, 0x000000070c700000| Untracked 
| 134|0x000000070c800000, 0x000000070c800000, 0x000000070c900000|  0%| F|  |TAMS 0x000000070c800000, 0x000000070c800000| Untracked 
| 135|0x000000070c900000, 0x000000070c900000, 0x000000070ca00000|  0%| F|  |TAMS 0x000000070c900000, 0x000000070c900000| Untracked 
| 136|0x000000070ca00000, 0x000000070ca00000, 0x000000070cb00000|  0%| F|  |TAMS 0x000000070ca00000, 0x000000070ca00000| Untracked 
| 137|0x000000070cb00000, 0x000000070cb00000, 0x000000070cc00000|  0%| F|  |TAMS 0x000000070cb00000, 0x000000070cb00000| Untracked 
| 138|0x000000070cc00000, 0x000000070cc00000, 0x000000070cd00000|  0%| F|  |TAMS 0x000000070cc00000, 0x000000070cc00000| Untracked 
| 139|0x000000070cd00000, 0x000000070cd00000, 0x000000070ce00000|  0%| F|  |TAMS 0x000000070cd00000, 0x000000070cd00000| Untracked 
| 140|0x000000070ce00000, 0x000000070ce00000, 0x000000070cf00000|  0%| F|  |TAMS 0x000000070ce00000, 0x000000070ce00000| Untracked 
| 141|0x000000070cf00000, 0x000000070cf00000, 0x000000070d000000|  0%| F|  |TAMS 0x000000070cf00000, 0x000000070cf00000| Untracked 
| 142|0x000000070d000000, 0x000000070d000000, 0x000000070d100000|  0%| F|  |TAMS 0x000000070d000000, 0x000000070d000000| Untracked 
| 143|0x000000070d100000, 0x000000070d100000, 0x000000070d200000|  0%| F|  |TAMS 0x000000070d100000, 0x000000070d100000| Untracked 
| 144|0x000000070d200000, 0x000000070d200000, 0x000000070d300000|  0%| F|  |TAMS 0x000000070d200000, 0x000000070d200000| Untracked 
| 145|0x000000070d300000, 0x000000070d300000, 0x000000070d400000|  0%| F|  |TAMS 0x000000070d300000, 0x000000070d300000| Untracked 
| 146|0x000000070d400000, 0x000000070d400000, 0x000000070d500000|  0%| F|  |TAMS 0x000000070d400000, 0x000000070d400000| Untracked 
| 147|0x000000070d500000, 0x000000070d500000, 0x000000070d600000|  0%| F|  |TAMS 0x000000070d500000, 0x000000070d500000| Untracked 
| 148|0x000000070d600000, 0x000000070d600000, 0x000000070d700000|  0%| F|  |TAMS 0x000000070d600000, 0x000000070d600000| Untracked 
| 149|0x000000070d700000, 0x000000070d700000, 0x000000070d800000|  0%| F|  |TAMS 0x000000070d700000, 0x000000070d700000| Untracked 
| 150|0x000000070d800000, 0x000000070d800000, 0x000000070d900000|  0%| F|  |TAMS 0x000000070d800000, 0x000000070d800000| Untracked 
| 151|0x000000070d900000, 0x000000070d900000, 0x000000070da00000|  0%| F|  |TAMS 0x000000070d900000, 0x000000070d900000| Untracked 
| 152|0x000000070da00000, 0x000000070da00000, 0x000000070db00000|  0%| F|  |TAMS 0x000000070da00000, 0x000000070da00000| Untracked 
| 153|0x000000070db00000, 0x000000070db00000, 0x000000070dc00000|  0%| F|  |TAMS 0x000000070db00000, 0x000000070db00000| Untracked 
| 154|0x000000070dc00000, 0x000000070dc00000, 0x000000070dd00000|  0%| F|  |TAMS 0x000000070dc00000, 0x000000070dc00000| Untracked 
| 155|0x000000070dd00000, 0x000000070dd00000, 0x000000070de00000|  0%| F|  |TAMS 0x000000070dd00000, 0x000000070dd00000| Untracked 
| 156|0x000000070de00000, 0x000000070de00000, 0x000000070df00000|  0%| F|  |TAMS 0x000000070de00000, 0x000000070de00000| Untracked 
| 157|0x000000070df00000, 0x000000070df00000, 0x000000070e000000|  0%| F|  |TAMS 0x000000070df00000, 0x000000070df00000| Untracked 
| 158|0x000000070e000000, 0x000000070e000000, 0x000000070e100000|  0%| F|  |TAMS 0x000000070e000000, 0x000000070e000000| Untracked 
| 159|0x000000070e100000, 0x000000070e100000, 0x000000070e200000|  0%| F|  |TAMS 0x000000070e100000, 0x000000070e100000| Untracked 
| 160|0x000000070e200000, 0x000000070e200000, 0x000000070e300000|  0%| F|  |TAMS 0x000000070e200000, 0x000000070e200000| Untracked 
| 161|0x000000070e300000, 0x000000070e300000, 0x000000070e400000|  0%| F|  |TAMS 0x000000070e300000, 0x000000070e300000| Untracked 
| 162|0x000000070e400000, 0x000000070e400000, 0x000000070e500000|  0%| F|  |TAMS 0x000000070e400000, 0x000000070e400000| Untracked 
| 163|0x000000070e500000, 0x000000070e500000, 0x000000070e600000|  0%| F|  |TAMS 0x000000070e500000, 0x000000070e500000| Untracked 
| 164|0x000000070e600000, 0x000000070e600000, 0x000000070e700000|  0%| F|  |TAMS 0x000000070e600000, 0x000000070e600000| Untracked 
| 165|0x000000070e700000, 0x000000070e700000, 0x000000070e800000|  0%| F|  |TAMS 0x000000070e700000, 0x000000070e700000| Untracked 
| 166|0x000000070e800000, 0x000000070e800000, 0x000000070e900000|  0%| F|  |TAMS 0x000000070e800000, 0x000000070e800000| Untracked 
| 167|0x000000070e900000, 0x000000070e900000, 0x000000070ea00000|  0%| F|  |TAMS 0x000000070e900000, 0x000000070e900000| Untracked 
| 168|0x000000070ea00000, 0x000000070ea00000, 0x000000070eb00000|  0%| F|  |TAMS 0x000000070ea00000, 0x000000070ea00000| Untracked 
| 169|0x000000070eb00000, 0x000000070eb00000, 0x000000070ec00000|  0%| F|  |TAMS 0x000000070eb00000, 0x000000070eb00000| Untracked 
| 170|0x000000070ec00000, 0x000000070ec00000, 0x000000070ed00000|  0%| F|  |TAMS 0x000000070ec00000, 0x000000070ec00000| Untracked 
| 171|0x000000070ed00000, 0x000000070ed00000, 0x000000070ee00000|  0%| F|  |TAMS 0x000000070ed00000, 0x000000070ed00000| Untracked 
| 172|0x000000070ee00000, 0x000000070ee00000, 0x000000070ef00000|  0%| F|  |TAMS 0x000000070ee00000, 0x000000070ee00000| Untracked 
| 173|0x000000070ef00000, 0x000000070ef00000, 0x000000070f000000|  0%| F|  |TAMS 0x000000070ef00000, 0x000000070ef00000| Untracked 
| 174|0x000000070f000000, 0x000000070f000000, 0x000000070f100000|  0%| F|  |TAMS 0x000000070f000000, 0x000000070f000000| Untracked 
| 175|0x000000070f100000, 0x000000070f100000, 0x000000070f200000|  0%| F|  |TAMS 0x000000070f100000, 0x000000070f100000| Untracked 
| 176|0x000000070f200000, 0x000000070f200000, 0x000000070f300000|  0%| F|  |TAMS 0x000000070f200000, 0x000000070f200000| Untracked 
| 177|0x000000070f300000, 0x000000070f300000, 0x000000070f400000|  0%| F|  |TAMS 0x000000070f300000, 0x000000070f300000| Untracked 
| 178|0x000000070f400000, 0x000000070f400000, 0x000000070f500000|  0%| F|  |TAMS 0x000000070f400000, 0x000000070f400000| Untracked 
| 179|0x000000070f500000, 0x000000070f500000, 0x000000070f600000|  0%| F|  |TAMS 0x000000070f500000, 0x000000070f500000| Untracked 
| 180|0x000000070f600000, 0x000000070f600000, 0x000000070f700000|  0%| F|  |TAMS 0x000000070f600000, 0x000000070f600000| Untracked 
| 181|0x000000070f700000, 0x000000070f700000, 0x000000070f800000|  0%| F|  |TAMS 0x000000070f700000, 0x000000070f700000| Untracked 
| 182|0x000000070f800000, 0x000000070f800000, 0x000000070f900000|  0%| F|  |TAMS 0x000000070f800000, 0x000000070f800000| Untracked 
| 183|0x000000070f900000, 0x000000070f900000, 0x000000070fa00000|  0%| F|  |TAMS 0x000000070f900000, 0x000000070f900000| Untracked 
| 184|0x000000070fa00000, 0x000000070fa00000, 0x000000070fb00000|  0%| F|  |TAMS 0x000000070fa00000, 0x000000070fa00000| Untracked 
| 185|0x000000070fb00000, 0x000000070fb00000, 0x000000070fc00000|  0%| F|  |TAMS 0x000000070fb00000, 0x000000070fb00000| Untracked 
| 186|0x000000070fc00000, 0x000000070fc00000, 0x000000070fd00000|  0%| F|  |TAMS 0x000000070fc00000, 0x000000070fc00000| Untracked 
| 187|0x000000070fd00000, 0x000000070fd00000, 0x000000070fe00000|  0%| F|  |TAMS 0x000000070fd00000, 0x000000070fd00000| Untracked 
| 188|0x000000070fe00000, 0x000000070fe00000, 0x000000070ff00000|  0%| F|  |TAMS 0x000000070fe00000, 0x000000070fe00000| Untracked 
| 189|0x000000070ff00000, 0x000000070ff00000, 0x0000000710000000|  0%| F|  |TAMS 0x000000070ff00000, 0x000000070ff00000| Untracked 
| 190|0x0000000710000000, 0x0000000710000000, 0x0000000710100000|  0%| F|  |TAMS 0x0000000710000000, 0x0000000710000000| Untracked 
| 191|0x0000000710100000, 0x0000000710100000, 0x0000000710200000|  0%| F|  |TAMS 0x0000000710100000, 0x0000000710100000| Untracked 
| 192|0x0000000710200000, 0x0000000710200000, 0x0000000710300000|  0%| F|  |TAMS 0x0000000710200000, 0x0000000710200000| Untracked 
| 193|0x0000000710300000, 0x0000000710300000, 0x0000000710400000|  0%| F|  |TAMS 0x0000000710300000, 0x0000000710300000| Untracked 
| 194|0x0000000710400000, 0x0000000710400000, 0x0000000710500000|  0%| F|  |TAMS 0x0000000710400000, 0x0000000710400000| Untracked 
| 195|0x0000000710500000, 0x0000000710500000, 0x0000000710600000|  0%| F|  |TAMS 0x0000000710500000, 0x0000000710500000| Untracked 
| 196|0x0000000710600000, 0x0000000710600000, 0x0000000710700000|  0%| F|  |TAMS 0x0000000710600000, 0x0000000710600000| Untracked 
| 197|0x0000000710700000, 0x0000000710700000, 0x0000000710800000|  0%| F|  |TAMS 0x0000000710700000, 0x0000000710700000| Untracked 
| 198|0x0000000710800000, 0x0000000710800000, 0x0000000710900000|  0%| F|  |TAMS 0x0000000710800000, 0x0000000710800000| Untracked 
| 199|0x0000000710900000, 0x0000000710900000, 0x0000000710a00000|  0%| F|  |TAMS 0x0000000710900000, 0x0000000710900000| Untracked 
| 200|0x0000000710a00000, 0x0000000710a00000, 0x0000000710b00000|  0%| F|  |TAMS 0x0000000710a00000, 0x0000000710a00000| Untracked 
| 201|0x0000000710b00000, 0x0000000710b00000, 0x0000000710c00000|  0%| F|  |TAMS 0x0000000710b00000, 0x0000000710b00000| Untracked 
| 202|0x0000000710c00000, 0x0000000710cf5410, 0x0000000710d00000| 95%| S|CS|TAMS 0x0000000710c00000, 0x0000000710c00000| Complete 
| 203|0x0000000710d00000, 0x0000000710e00000, 0x0000000710e00000|100%| S|CS|TAMS 0x0000000710d00000, 0x0000000710d00000| Complete 
| 204|0x0000000710e00000, 0x0000000710f00000, 0x0000000710f00000|100%| S|CS|TAMS 0x0000000710e00000, 0x0000000710e00000| Complete 
| 205|0x0000000710f00000, 0x0000000711000000, 0x0000000711000000|100%| S|CS|TAMS 0x0000000710f00000, 0x0000000710f00000| Complete 
| 206|0x0000000711000000, 0x0000000711100000, 0x0000000711100000|100%| S|CS|TAMS 0x0000000711000000, 0x0000000711000000| Complete 
| 207|0x0000000711100000, 0x0000000711100000, 0x0000000711200000|  0%| F|  |TAMS 0x0000000711100000, 0x0000000711100000| Untracked 
| 208|0x0000000711200000, 0x0000000711200000, 0x0000000711300000|  0%| F|  |TAMS 0x0000000711200000, 0x0000000711200000| Untracked 
| 209|0x0000000711300000, 0x0000000711300000, 0x0000000711400000|  0%| F|  |TAMS 0x0000000711300000, 0x0000000711300000| Untracked 
| 210|0x0000000711400000, 0x0000000711400000, 0x0000000711500000|  0%| F|  |TAMS 0x0000000711400000, 0x0000000711400000| Untracked 
| 211|0x0000000711500000, 0x0000000711500000, 0x0000000711600000|  0%| F|  |TAMS 0x0000000711500000, 0x0000000711500000| Untracked 
| 212|0x0000000711600000, 0x0000000711600000, 0x0000000711700000|  0%| F|  |TAMS 0x0000000711600000, 0x0000000711600000| Untracked 
| 213|0x0000000711700000, 0x0000000711700000, 0x0000000711800000|  0%| F|  |TAMS 0x0000000711700000, 0x0000000711700000| Untracked 
| 214|0x0000000711800000, 0x0000000711800000, 0x0000000711900000|  0%| F|  |TAMS 0x0000000711800000, 0x0000000711800000| Untracked 
| 215|0x0000000711900000, 0x0000000711900000, 0x0000000711a00000|  0%| F|  |TAMS 0x0000000711900000, 0x0000000711900000| Untracked 
| 216|0x0000000711a00000, 0x0000000711a00000, 0x0000000711b00000|  0%| F|  |TAMS 0x0000000711a00000, 0x0000000711a00000| Untracked 
| 217|0x0000000711b00000, 0x0000000711b00000, 0x0000000711c00000|  0%| F|  |TAMS 0x0000000711b00000, 0x0000000711b00000| Untracked 
| 218|0x0000000711c00000, 0x0000000711c00000, 0x0000000711d00000|  0%| F|  |TAMS 0x0000000711c00000, 0x0000000711c00000| Untracked 
| 219|0x0000000711d00000, 0x0000000711d00000, 0x0000000711e00000|  0%| F|  |TAMS 0x0000000711d00000, 0x0000000711d00000| Untracked 
| 220|0x0000000711e00000, 0x0000000711e00000, 0x0000000711f00000|  0%| F|  |TAMS 0x0000000711e00000, 0x0000000711e00000| Untracked 
| 221|0x0000000711f00000, 0x0000000711f00000, 0x0000000712000000|  0%| F|  |TAMS 0x0000000711f00000, 0x0000000711f00000| Untracked 
| 222|0x0000000712000000, 0x0000000712000000, 0x0000000712100000|  0%| F|  |TAMS 0x0000000712000000, 0x0000000712000000| Untracked 
| 223|0x0000000712100000, 0x0000000712100000, 0x0000000712200000|  0%| F|  |TAMS 0x0000000712100000, 0x0000000712100000| Untracked 
| 224|0x0000000712200000, 0x0000000712200000, 0x0000000712300000|  0%| F|  |TAMS 0x0000000712200000, 0x0000000712200000| Untracked 
| 225|0x0000000712300000, 0x0000000712300000, 0x0000000712400000|  0%| F|  |TAMS 0x0000000712300000, 0x0000000712300000| Untracked 
| 226|0x0000000712400000, 0x0000000712400000, 0x0000000712500000|  0%| F|  |TAMS 0x0000000712400000, 0x0000000712400000| Untracked 
| 227|0x0000000712500000, 0x0000000712500000, 0x0000000712600000|  0%| F|  |TAMS 0x0000000712500000, 0x0000000712500000| Untracked 
| 228|0x0000000712600000, 0x0000000712600000, 0x0000000712700000|  0%| F|  |TAMS 0x0000000712600000, 0x0000000712600000| Untracked 
| 229|0x0000000712700000, 0x0000000712700000, 0x0000000712800000|  0%| F|  |TAMS 0x0000000712700000, 0x0000000712700000| Untracked 
| 230|0x0000000712800000, 0x0000000712800000, 0x0000000712900000|  0%| F|  |TAMS 0x0000000712800000, 0x0000000712800000| Untracked 
| 231|0x0000000712900000, 0x0000000712900000, 0x0000000712a00000|  0%| F|  |TAMS 0x0000000712900000, 0x0000000712900000| Untracked 
| 232|0x0000000712a00000, 0x0000000712a00000, 0x0000000712b00000|  0%| F|  |TAMS 0x0000000712a00000, 0x0000000712a00000| Untracked 
| 233|0x0000000712b00000, 0x0000000712b00000, 0x0000000712c00000|  0%| F|  |TAMS 0x0000000712b00000, 0x0000000712b00000| Untracked 
| 234|0x0000000712c00000, 0x0000000712c00000, 0x0000000712d00000|  0%| F|  |TAMS 0x0000000712c00000, 0x0000000712c00000| Untracked 
| 235|0x0000000712d00000, 0x0000000712d00000, 0x0000000712e00000|  0%| F|  |TAMS 0x0000000712d00000, 0x0000000712d00000| Untracked 
| 236|0x0000000712e00000, 0x0000000712e00000, 0x0000000712f00000|  0%| F|  |TAMS 0x0000000712e00000, 0x0000000712e00000| Untracked 
| 237|0x0000000712f00000, 0x0000000712f00000, 0x0000000713000000|  0%| F|  |TAMS 0x0000000712f00000, 0x0000000712f00000| Untracked 
| 238|0x0000000713000000, 0x0000000713000000, 0x0000000713100000|  0%| F|  |TAMS 0x0000000713000000, 0x0000000713000000| Untracked 
| 239|0x0000000713100000, 0x0000000713100000, 0x0000000713200000|  0%| F|  |TAMS 0x0000000713100000, 0x0000000713100000| Untracked 
| 240|0x0000000713200000, 0x0000000713300000, 0x0000000713300000|100%| E|  |TAMS 0x0000000713200000, 0x0000000713200000| Complete 
| 241|0x0000000713300000, 0x0000000713400000, 0x0000000713400000|100%| E|CS|TAMS 0x0000000713300000, 0x0000000713300000| Complete 
| 242|0x0000000713400000, 0x0000000713500000, 0x0000000713500000|100%| E|CS|TAMS 0x0000000713400000, 0x0000000713400000| Complete 
| 243|0x0000000713500000, 0x0000000713600000, 0x0000000713600000|100%| E|CS|TAMS 0x0000000713500000, 0x0000000713500000| Complete 
| 244|0x0000000713600000, 0x0000000713700000, 0x0000000713700000|100%| E|CS|TAMS 0x0000000713600000, 0x0000000713600000| Complete 
| 245|0x0000000713700000, 0x0000000713800000, 0x0000000713800000|100%| E|CS|TAMS 0x0000000713700000, 0x0000000713700000| Complete 
| 246|0x0000000713800000, 0x0000000713900000, 0x0000000713900000|100%| E|CS|TAMS 0x0000000713800000, 0x0000000713800000| Complete 
| 247|0x0000000713900000, 0x0000000713a00000, 0x0000000713a00000|100%| E|CS|TAMS 0x0000000713900000, 0x0000000713900000| Complete 
| 248|0x0000000713a00000, 0x0000000713b00000, 0x0000000713b00000|100%| E|CS|TAMS 0x0000000713a00000, 0x0000000713a00000| Complete 
| 249|0x0000000713b00000, 0x0000000713c00000, 0x0000000713c00000|100%| E|CS|TAMS 0x0000000713b00000, 0x0000000713b00000| Complete 
| 250|0x0000000713c00000, 0x0000000713d00000, 0x0000000713d00000|100%| E|CS|TAMS 0x0000000713c00000, 0x0000000713c00000| Complete 
| 251|0x0000000713d00000, 0x0000000713e00000, 0x0000000713e00000|100%| E|CS|TAMS 0x0000000713d00000, 0x0000000713d00000| Complete 

Card table byte_map: [0x0000017276df0000,0x00000172775d0000] _byte_map_base: 0x00000172735cf000

Marking Bits (Prev, Next): (CMBitMap*) 0x000001726dc57740, (CMBitMap*) 0x000001726dc57708
 Prev Bits: [0x000001727bcb0000, 0x000001727fba8000)
 Next Bits: [0x0000017277db0000, 0x000001727bca8000)

Polling page: 0x000001726d3d0000

Metaspace:

Usage:
  Non-class:     20.47 MB capacity,    20.16 MB ( 98%) used,   264.11 KB (  1%) free+waste,    55.44 KB ( <1%) overhead. 
      Class:      2.80 MB capacity,     2.62 MB ( 93%) used,   166.23 KB (  6%) free+waste,    27.06 KB ( <1%) overhead. 
       Both:     23.28 MB capacity,    22.78 MB ( 98%) used,   430.34 KB (  2%) free+waste,    82.50 KB ( <1%) overhead. 

Virtual space:
  Non-class space:       22.00 MB reserved,      20.50 MB ( 93%) committed 
      Class space:        1.00 GB reserved,       2.87 MB ( <1%) committed 
             Both:        1.02 GB reserved,      23.37 MB (  2%) committed 

Chunk freelists:
   Non-Class:  26.00 KB
       Class:  8.00 KB
        Both:  34.00 KB

MaxMetaspaceSize: 17179869184.00 GB
CompressedClassSpaceSize: 1.00 GB

CodeHeap 'non-profiled nmethods': size=120000Kb used=636Kb max_used=636Kb free=119363Kb
 bounds [0x0000017207ad0000, 0x0000017207d40000, 0x000001720f000000]
CodeHeap 'profiled nmethods': size=120000Kb used=3392Kb max_used=3392Kb free=116607Kb
 bounds [0x00000172005a0000, 0x0000017200900000, 0x0000017207ad0000]
CodeHeap 'non-nmethods': size=5760Kb used=1132Kb max_used=1149Kb free=4627Kb
 bounds [0x0000017200000000, 0x0000017200270000, 0x00000172005a0000]
 total_blobs=2242 nmethods=1804 adapters=349
 compilation: enabled
              stopped_count=0, restarted_count=0
 full_count=0

Compilation events (20 events):
Event: 1.453 Thread 0x0000017212039800 1794       1       org.springframework.core.annotation.AnnotationTypeMapping$MirrorSets::access$400 (5 bytes)
Event: 1.453 Thread 0x0000017212039800 nmethod 1794 0x0000017207b6ba90 code [0x0000017207b6bc40, 0x0000017207b6bcd8]
Event: 1.453 Thread 0x0000017212039800 1795       1       org.springframework.core.annotation.AnnotationTypeMapping::getDistance (5 bytes)
Event: 1.453 Thread 0x0000017212039800 nmethod 1795 0x0000017207b6bd90 code [0x0000017207b6bf40, 0x0000017207b6bff8]
Event: 1.456 Thread 0x0000017212039800 1796       3       org.springframework.core.annotation.PackagesAnnotationFilter::matches (42 bytes)
Event: 1.456 Thread 0x0000017212039800 nmethod 1796 0x00000172008ecc90 code [0x00000172008ece60, 0x00000172008ed148]
Event: 1.456 Thread 0x0000017212039800 1797       3       org.springframework.core.annotation.AnnotationFilter::matches (11 bytes)
Event: 1.456 Thread 0x0000017212039800 nmethod 1797 0x00000172008ed310 code [0x00000172008ed4e0, 0x00000172008ed798]
Event: 1.457 Thread 0x0000017212039800 1798       3       org.springframework.core.annotation.AnnotationAwareOrderComparator::findOrder (18 bytes)
Event: 1.457 Thread 0x0000017212039800 nmethod 1798 0x00000172008ed890 code [0x00000172008edaa0, 0x00000172008ee028]
Event: 1.457 Thread 0x0000017212039800 1799       3       org.springframework.core.OrderComparator::findOrder (24 bytes)
Event: 1.457 Thread 0x0000017212039800 nmethod 1799 0x00000172008ee190 code [0x00000172008ee3a0, 0x00000172008eea88]
Event: 1.457 Thread 0x0000017212039800 1800       3       java.util.LinkedHashMap::keySet (25 bytes)
Event: 1.458 Thread 0x0000017212039800 nmethod 1800 0x00000172008eec90 code [0x00000172008eee60, 0x00000172008ef258]
Event: 1.461 Thread 0x0000017212039800 1801       1       ch.qos.logback.classic.selector.DefaultContextSelector::getDefaultLoggerContext (5 bytes)
Event: 1.461 Thread 0x0000017212039800 nmethod 1801 0x0000017207b6c090 code [0x0000017207b6c240, 0x0000017207b6c2f8]
Event: 1.464 Thread 0x0000017212039800 1802       3       java.util.regex.Pattern$Start::match (90 bytes)
Event: 1.464 Thread 0x0000017212039800 nmethod 1802 0x00000172008ef390 code [0x00000172008ef560, 0x00000172008ef948]
Event: 1.464 Thread 0x0000017212039800 1803  s    1       java.lang.StringBuffer::length (5 bytes)
Event: 1.464 Thread 0x0000017212039800 nmethod 1803 0x0000017207b6c390 code [0x0000017207b6c540, 0x0000017207b6c778]

GC Heap History (4 events):
Event: 0.939 GC heap before
{Heap before GC invocations=0 (full 0):
 garbage-first heap   total 258048K, used 23552K [0x0000000704200000, 0x0000000800000000)
  region size 1024K, 24 young (24576K), 0 survivors (0K)
 Metaspace       used 12635K, capacity 12874K, committed 13184K, reserved 1060864K
  class space    used 1246K, capacity 1337K, committed 1408K, reserved 1048576K
}
Event: 0.948 GC heap after
{Heap after GC invocations=1 (full 0):
 garbage-first heap   total 258048K, used 4737K [0x0000000704200000, 0x0000000800000000)
  region size 1024K, 3 young (3072K), 3 survivors (3072K)
 Metaspace       used 12635K, capacity 12874K, committed 13184K, reserved 1060864K
  class space    used 1246K, capacity 1337K, committed 1408K, reserved 1048576K
}
Event: 1.367 GC heap before
{Heap before GC invocations=1 (full 0):
 garbage-first heap   total 258048K, used 46721K [0x0000000704200000, 0x0000000800000000)
  region size 1024K, 45 young (46080K), 3 survivors (3072K)
 Metaspace       used 20833K, capacity 21205K, committed 21248K, reserved 1069056K
  class space    used 2386K, capacity 2546K, committed 2560K, reserved 1048576K
}
Event: 1.374 GC heap after
{Heap after GC invocations=2 (full 0):
 garbage-first heap   total 258048K, used 6742K [0x0000000704200000, 0x0000000800000000)
  region size 1024K, 5 young (5120K), 5 survivors (5120K)
 Metaspace       used 20833K, capacity 21205K, committed 21248K, reserved 1069056K
  class space    used 2386K, capacity 2546K, committed 2560K, reserved 1048576K
}

Deoptimization events (20 events):
Event: 1.331 Thread 0x0000017213400800 Uncommon trap: trap_request=0xffffffc6 fr.pc=0x0000017207b51824 relative=0x0000000000000a64
Event: 1.331 Thread 0x0000017213400800 Uncommon trap: reason=bimorphic_or_optimized_type_check action=maybe_recompile pc=0x0000017207b51824 method=java.util.HashMap.putVal(ILjava/lang/Object;Ljava/lang/Object;ZZ)Ljava/lang/Object; @ 91 c2
Event: 1.331 Thread 0x0000017213400800 DEOPT PACKING pc=0x0000017207b51824 sp=0x0000000c6a6feaf0
Event: 1.331 Thread 0x0000017213400800 DEOPT UNPACKING pc=0x00000172000083af sp=0x0000000c6a6fea90 mode 2
Event: 1.417 Thread 0x0000017212b49800 Uncommon trap: trap_request=0xffffffde fr.pc=0x0000017207ad9de0 relative=0x00000000000001c0
Event: 1.417 Thread 0x0000017212b49800 Uncommon trap: reason=class_check action=maybe_recompile pc=0x0000017207ad9de0 method=java.lang.String.equals(Ljava/lang/Object;)Z @ 8 c2
Event: 1.417 Thread 0x0000017212b49800 DEOPT PACKING pc=0x0000017207ad9de0 sp=0x0000000c6a5fde50
Event: 1.417 Thread 0x0000017212b49800 DEOPT UNPACKING pc=0x00000172000083af sp=0x0000000c6a5fddf8 mode 2
Event: 1.438 Thread 0x0000017212b49800 Uncommon trap: trap_request=0xffffffde fr.pc=0x0000017207ad9de0 relative=0x00000000000001c0
Event: 1.438 Thread 0x0000017212b49800 Uncommon trap: reason=class_check action=maybe_recompile pc=0x0000017207ad9de0 method=java.lang.String.equals(Ljava/lang/Object;)Z @ 8 c2
Event: 1.438 Thread 0x0000017212b49800 DEOPT PACKING pc=0x0000017207ad9de0 sp=0x0000000c6a5fdd60
Event: 1.438 Thread 0x0000017212b49800 DEOPT UNPACKING pc=0x00000172000083af sp=0x0000000c6a5fdd08 mode 2
Event: 1.438 Thread 0x0000017212b49800 Uncommon trap: trap_request=0xffffffde fr.pc=0x0000017207ad9de0 relative=0x00000000000001c0
Event: 1.438 Thread 0x0000017212b49800 Uncommon trap: reason=class_check action=maybe_recompile pc=0x0000017207ad9de0 method=java.lang.String.equals(Ljava/lang/Object;)Z @ 8 c2
Event: 1.438 Thread 0x0000017212b49800 DEOPT PACKING pc=0x0000017207ad9de0 sp=0x0000000c6a5fdd60
Event: 1.438 Thread 0x0000017212b49800 DEOPT UNPACKING pc=0x00000172000083af sp=0x0000000c6a5fdd08 mode 2
Event: 1.438 Thread 0x0000017212b49800 Uncommon trap: trap_request=0xffffffde fr.pc=0x0000017207ad9de0 relative=0x00000000000001c0
Event: 1.438 Thread 0x0000017212b49800 Uncommon trap: reason=class_check action=maybe_recompile pc=0x0000017207ad9de0 method=java.lang.String.equals(Ljava/lang/Object;)Z @ 8 c2
Event: 1.438 Thread 0x0000017212b49800 DEOPT PACKING pc=0x0000017207ad9de0 sp=0x0000000c6a5fdd60
Event: 1.438 Thread 0x0000017212b49800 DEOPT UNPACKING pc=0x00000172000083af sp=0x0000000c6a5fdd08 mode 2

Classes redefined (0 events):
No events

Internal exceptions (20 events):
Event: 1.050 Thread 0x0000017212b49800 Exception <a 'java/lang/NoSuchMethodError'{0x000000071351e560}: 'int java.lang.invoke.DirectMethodHandle$Holder.invokeSpecial(java.lang.Object, java.lang.Object, java.lang.Object, java.lang.Object)'> (0x000000071351e560) thrown at [./src/hotspot/share/interpreter/linkResolver.cpp, line 773]
Event: 1.086 Thread 0x0000017212b49800 Exception <a 'java/lang/NoSuchMethodError'{0x000000071312c8f0}: 'java.lang.Object java.lang.invoke.DirectMethodHandle$Holder.invokeSpecial(java.lang.Object, java.lang.Object, java.lang.Object, java.lang.Object, java.lang.Object, java.lang.Object, int)'> (0x000000071312c8f0) thrown at [./src/hotspot/share/interpreter/linkResolver.cpp, line 773]
Event: 1.087 Thread 0x0000017212b49800 Exception <a 'java/lang/NoSuchMethodError'{0x00000007131360a8}: 'java.lang.Object java.lang.invoke.DirectMethodHandle$Holder.invokeSpecial(java.lang.Object, java.lang.Object, java.lang.Object, java.lang.Object, java.lang.Object, java.lang.Object, java.lang.Object, int)'> (0x00000007131360a8) thrown at [./src/hotspot/share/interpreter/linkResolver.cpp, line 773]
Event: 1.087 Thread 0x0000017212b49800 Exception <a 'java/lang/NoSuchMethodError'{0x0000000713139ca8}: 'java.lang.Object java.lang.invoke.Invokers$Holder.linkToTargetMethod(java.lang.Object, java.lang.Object, java.lang.Object, java.lang.Object, java.lang.Object, int, java.lang.Object)'> (0x0000000713139ca8) thrown at [./src/hotspot/share/interpreter/linkResolver.cpp, line 773]
Event: 1.096 Thread 0x0000017212b49800 Exception <a 'java/lang/NoSuchMethodError'{0x000000071300be40}: 'java.lang.Object java.lang.invoke.DirectMethodHandle$Holder.invokeStatic(java.lang.Object, java.lang.Object, int, java.lang.Object)'> (0x000000071300be40) thrown at [./src/hotspot/share/interpreter/linkResolver.cpp, line 773]
Event: 1.097 Thread 0x0000017212b49800 Exception <a 'java/lang/NoSuchMethodError'{0x0000000713012918}: 'java.lang.Object java.lang.invoke.Invokers$Holder.linkToTargetMethod(java.lang.Object, int, java.lang.Object, java.lang.Object)'> (0x0000000713012918) thrown at [./src/hotspot/share/interpreter/linkResolver.cpp, line 773]
Event: 1.099 Thread 0x0000017212b49800 Exception <a 'java/lang/NoSuchMethodError'{0x00000007130179c8}: 'void java.lang.invoke.DirectMethodHandle$Holder.invokeSpecial(java.lang.Object, java.lang.Object, java.lang.Object, java.lang.Object, java.lang.Object, java.lang.Object)'> (0x00000007130179c8) thrown at [./src/hotspot/share/interpreter/linkResolver.cpp, line 773]
Event: 1.100 Thread 0x0000017212b49800 Exception <a 'java/lang/NoSuchMethodError'{0x000000071302b140}: 'java.lang.Object java.lang.invoke.Invokers$Holder.linkToTargetMethod(java.lang.Object, java.lang.Object, java.lang.Object, java.lang.Object, java.lang.Object, java.lang.Object)'> (0x000000071302b140) thrown at [./src/hotspot/share/interpreter/linkResolver.cpp, line 773]
Event: 1.103 Thread 0x0000017212b49800 Exception <a 'java/lang/NoSuchMethodError'{0x00000007130434e8}: 'int java.lang.invoke.DirectMethodHandle$Holder.invokeVirtual(java.lang.Object, java.lang.Object)'> (0x00000007130434e8) thrown at [./src/hotspot/share/interpreter/linkResolver.cpp, line 773]
Event: 1.117 Thread 0x0000017212b49800 Exception <a 'java/lang/NoSuchMethodError'{0x0000000712fc52c8}: 'void java.lang.invoke.DirectMethodHandle$Holder.invokeStatic(java.lang.Object, java.lang.Object, java.lang.Object, java.lang.Object)'> (0x0000000712fc52c8) thrown at [./src/hotspot/share/interpreter/linkResolver.cpp, line 773]
Event: 1.157 Thread 0x0000017212b49800 Exception <a 'java/lang/NoSuchMethodError'{0x0000000712bef408}: 'void java.lang.invoke.DirectMethodHandle$Holder.invokeStaticInit(java.lang.Object, java.lang.Object)'> (0x0000000712bef408) thrown at [./src/hotspot/share/interpreter/linkResolver.cpp, line 773]
Event: 1.251 Thread 0x0000017212b49800 Exception <a 'java/lang/NoSuchMethodError'{0x00000007120f43f8}: 'void java.lang.invoke.DirectMethodHandle$Holder.invokeSpecial(java.lang.Object, java.lang.Object, java.lang.Object, java.lang.Object, java.lang.Object)'> (0x00000007120f43f8) thrown at [./src/hotspot/share/interpreter/linkResolver.cpp, line 773]
Event: 1.271 Thread 0x0000017212b49800 Exception <a 'java/lang/NoSuchMethodError'{0x0000000711c3f000}: 'java.lang.Object java.lang.invoke.DirectMethodHandle$Holder.invokeStaticInit(java.lang.Object, int)'> (0x0000000711c3f000) thrown at [./src/hotspot/share/interpreter/linkResolver.cpp, line 773]
Event: 1.296 Thread 0x0000017212b49800 Exception <a 'java/lang/NoSuchMethodError'{0x0000000711a96b18}: 'int java.lang.invoke.DirectMethodHandle$Holder.invokeSpecialIFC(java.lang.Object, java.lang.Object, int)'> (0x0000000711a96b18) thrown at [./src/hotspot/share/interpreter/linkResolver.cpp, line 773]
Event: 1.359 Thread 0x0000017213400800 Exception <a 'java/lang/NoSuchMethodError'{0x000000071126bb90}: 'int java.lang.invoke.DirectMethodHandle$Holder.invokeInterface(java.lang.Object, java.lang.Object)'> (0x000000071126bb90) thrown at [./src/hotspot/share/interpreter/linkResolver.cpp, line 773]
Event: 1.365 Thread 0x0000017213400800 Exception <a 'java/lang/NoSuchMethodError'{0x0000000711124598}: 'java.lang.Object java.lang.invoke.DirectMethodHandle$Holder.invokeStaticInit(java.lang.Object, java.lang.Object, java.lang.Object, java.lang.Object, java.lang.Object)'> (0x0000000711124598) thrown at [./src/hotspot/share/interpreter/linkResolver.cpp, line 773]
Event: 1.387 Thread 0x0000017213400800 Exception <a 'java/lang/NoSuchMethodError'{0x0000000713d66428}: 'java.lang.Object java.lang.invoke.DirectMethodHandle$Holder.invokeSpecial(java.lang.Object, java.lang.Object, int, int, java.lang.Object, java.lang.Object, java.lang.Object)'> (0x0000000713d66428) thrown at [./src/hotspot/share/interpreter/linkResolver.cpp, line 773]
Event: 1.387 Thread 0x0000017213400800 Exception <a 'java/lang/NoSuchMethodError'{0x0000000713d699b8}: 'java.lang.Object java.lang.invoke.DelegatingMethodHandle$Holder.reinvoke_L(java.lang.Object, int, int, java.lang.Object, java.lang.Object, java.lang.Object)'> (0x0000000713d699b8) thrown at [./src/hotspot/share/interpreter/linkResolver.cpp, line 773]
Event: 1.389 Thread 0x0000017213400800 Exception <a 'java/lang/NoSuchMethodError'{0x0000000713d6d898}: 'java.lang.Object java.lang.invoke.DirectMethodHandle$Holder.invokeStatic(java.lang.Object, java.lang.Object, java.lang.Object, java.lang.Object, int)'> (0x0000000713d6d898) thrown at [./src/hotspot/share/interpreter/linkResolver.cpp, line 773]
Event: 1.400 Thread 0x0000017212b49800 Exception <a 'java/lang/NoSuchMethodError'{0x0000000713ca69c8}: 'org.slf4j.impl.StaticMDCBinder org.slf4j.impl.StaticMDCBinder.getSingleton()'> (0x0000000713ca69c8) thrown at [./src/hotspot/share/interpreter/linkResolver.cpp, line 773]

Events (20 events):
Event: 1.466 loading class org/springframework/web/context/request/RequestContextHolder
Event: 1.466 loading class org/springframework/web/context/request/RequestContextHolder done
Event: 1.466 loading class javax/faces/context/FacesContext
Event: 1.466 loading class javax/faces/context/FacesContext done
Event: 1.466 loading class javax/faces/context$FacesContext
Event: 1.466 loading class javax/faces/context$FacesContext done
Event: 1.466 loading class org/springframework/context/expression/StandardBeanExpressionResolver
Event: 1.466 loading class org/springframework/context/expression/StandardBeanExpressionResolver done
Event: 1.466 loading class com/fasterxml/jackson/databind/type/TypeParser
Event: 1.466 loading class com/fasterxml/jackson/databind/type/TypeParser done
Event: 1.467 loading class org/springframework/expression/ParserContext
Event: 1.467 loading class org/springframework/expression/ParserContext done
Event: 1.467 loading class com/fasterxml/jackson/databind/type/TypeBindings
Event: 1.467 loading class com/fasterxml/jackson/databind/type/TypeBindings done
Event: 1.467 loading class org/springframework/expression/ExpressionParser
Event: 1.467 loading class org/springframework/expression/ExpressionParser done
Event: 1.467 loading class org/springframework/expression/PropertyAccessor
Event: 1.467 loading class org/springframework/expression/PropertyAccessor done
Event: 1.468 loading class org/springframework/expression/BeanResolver
Event: 1.468 loading class org/springframework/expression/BeanResolver done


Dynamic libraries:
0x00007ff7e6680000 - 0x00007ff7e668d000 	C:\Program Files\OpenJDK\jdk-11.0.10+9\bin\java.exe
0x00007ffacffb0000 - 0x00007ffad01a5000 	C:\WINDOWS\SYSTEM32\ntdll.dll
0x00007ffaceae0000 - 0x00007ffaceb9e000 	C:\WINDOWS\System32\KERNEL32.DLL
0x00007ffacd9a0000 - 0x00007ffacdc68000 	C:\WINDOWS\System32\KERNELBASE.dll
0x00007ffacdf00000 - 0x00007fface000000 	C:\WINDOWS\System32\ucrtbase.dll
0x00007ffac4230000 - 0x00007ffac4247000 	C:\Program Files\OpenJDK\jdk-11.0.10+9\bin\jli.dll
0x00007ffac5400000 - 0x00007ffac5415000 	C:\Program Files\OpenJDK\jdk-11.0.10+9\bin\VCRUNTIME140.dll
0x00007ffacf8a0000 - 0x00007ffacfa41000 	C:\WINDOWS\System32\USER32.dll
0x00007ffaa9de0000 - 0x00007ffaaa07a000 	C:\WINDOWS\WinSxS\amd64_microsoft.windows.common-controls_6595b64144ccf1df_6.0.19041.1110_none_60b5254171f9507e\COMCTL32.dll
0x00007ffacdc70000 - 0x00007ffacdc92000 	C:\WINDOWS\System32\win32u.dll
0x00007ffacfc10000 - 0x00007ffacfcae000 	C:\WINDOWS\System32\msvcrt.dll
0x00007fface000000 - 0x00007fface02b000 	C:\WINDOWS\System32\GDI32.dll
0x00007ffacdd50000 - 0x00007ffacde5b000 	C:\WINDOWS\System32\gdi32full.dll
0x00007ffacde60000 - 0x00007ffacdefd000 	C:\WINDOWS\System32\msvcp_win.dll
0x00007fface470000 - 0x00007fface4a0000 	C:\WINDOWS\System32\IMM32.DLL
0x00007ffaa57f0000 - 0x00007ffaa588b000 	C:\Program Files\OpenJDK\jdk-11.0.10+9\bin\msvcp140.dll
0x00007ffa7e5d0000 - 0x00007ffa7f113000 	C:\Program Files\OpenJDK\jdk-11.0.10+9\bin\server\jvm.dll
0x00007ffacf510000 - 0x00007ffacf5bc000 	C:\WINDOWS\System32\ADVAPI32.dll
0x00007ffacf650000 - 0x00007ffacf6eb000 	C:\WINDOWS\System32\sechost.dll
0x00007ffacfd20000 - 0x00007ffacfe4a000 	C:\WINDOWS\System32\RPCRT4.dll
0x00007ffacfd10000 - 0x00007ffacfd18000 	C:\WINDOWS\System32\PSAPI.DLL
0x00007ffaaf890000 - 0x00007ffaaf8b7000 	C:\WINDOWS\SYSTEM32\WINMM.dll
0x00007ffac1520000 - 0x00007ffac152a000 	C:\WINDOWS\SYSTEM32\VERSION.dll
0x00007ffaaed10000 - 0x00007ffaaed19000 	C:\WINDOWS\SYSTEM32\WSOCK32.dll
0x00007ffacfe50000 - 0x00007ffacfebb000 	C:\WINDOWS\System32\WS2_32.dll
0x00007ffacbf50000 - 0x00007ffacbf62000 	C:\WINDOWS\SYSTEM32\kernel.appcore.dll
0x00007ffac41e0000 - 0x00007ffac41f0000 	C:\Program Files\OpenJDK\jdk-11.0.10+9\bin\verify.dll
0x00007ffacab80000 - 0x00007ffacad64000 	C:\WINDOWS\SYSTEM32\DBGHELP.DLL
0x00007ffac1c60000 - 0x00007ffac1c8c000 	C:\WINDOWS\SYSTEM32\dbgcore.DLL
0x00007ffacd830000 - 0x00007ffacd8b3000 	C:\WINDOWS\System32\bcryptPrimitives.dll
0x00007ffac27a0000 - 0x00007ffac27c8000 	C:\Program Files\OpenJDK\jdk-11.0.10+9\bin\java.dll
0x00007ffac1210000 - 0x00007ffac121a000 	C:\Program Files\OpenJDK\jdk-11.0.10+9\bin\jimage.dll
0x00007ffabf670000 - 0x00007ffabf67e000 	C:\Program Files\OpenJDK\jdk-11.0.10+9\bin\instrument.dll
0x00007ffaad1a0000 - 0x00007ffaad1b7000 	C:\Program Files\OpenJDK\jdk-11.0.10+9\bin\zip.dll
0x00007ffaced70000 - 0x00007ffacf4af000 	C:\WINDOWS\System32\SHELL32.dll
0x00007ffacb780000 - 0x00007ffacbf10000 	C:\WINDOWS\SYSTEM32\windows.storage.dll
0x00007fface030000 - 0x00007fface385000 	C:\WINDOWS\System32\combase.dll
0x00007ffacd120000 - 0x00007ffacd14e000 	C:\WINDOWS\SYSTEM32\Wldp.dll
0x00007ffacecc0000 - 0x00007ffaced6d000 	C:\WINDOWS\System32\SHCORE.dll
0x00007ffacf4b0000 - 0x00007ffacf505000 	C:\WINDOWS\System32\shlwapi.dll
0x00007ffacd610000 - 0x00007ffacd62f000 	C:\WINDOWS\SYSTEM32\profapi.dll
0x00007ffaad180000 - 0x00007ffaad199000 	C:\Program Files\OpenJDK\jdk-11.0.10+9\bin\net.dll
0x00007ffac58e0000 - 0x00007ffac59ec000 	C:\WINDOWS\SYSTEM32\WINHTTP.dll
0x00007ffacce80000 - 0x00007ffacceea000 	C:\WINDOWS\system32\mswsock.dll
0x00007ffaa9660000 - 0x00007ffaa9672000 	C:\Program Files\OpenJDK\jdk-11.0.10+9\bin\nio.dll
0x00007ffaa5e90000 - 0x00007ffaa5eaa000 	C:\Program Files\JetBrains\IntelliJ IDEA Community Edition 2020.3.2\bin\breakgen64.dll
0x00007ffab0430000 - 0x00007ffab0439000 	C:\Program Files\OpenJDK\jdk-11.0.10+9\bin\management.dll
0x00007ffaafc40000 - 0x00007ffaafc4b000 	C:\Program Files\OpenJDK\jdk-11.0.10+9\bin\management_ext.dll
0x00007ffa8a660000 - 0x00007ffa8a677000 	C:\WINDOWS\system32\napinsp.dll
0x00007ffa6bf10000 - 0x00007ffa6bf2b000 	C:\WINDOWS\system32\pnrpnsp.dll
0x00007ffac5c90000 - 0x00007ffac5ca5000 	C:\WINDOWS\system32\wshbth.dll
0x00007ffac59f0000 - 0x00007ffac5a0d000 	C:\WINDOWS\system32\NLAapi.dll
0x00007ffaccb20000 - 0x00007ffaccb5b000 	C:\WINDOWS\SYSTEM32\IPHLPAPI.DLL
0x00007ffaccb60000 - 0x00007ffaccc2b000 	C:\WINDOWS\SYSTEM32\DNSAPI.dll
0x00007ffacfa50000 - 0x00007ffacfa58000 	C:\WINDOWS\System32\NSI.dll
0x00007ffa69480000 - 0x00007ffa69492000 	C:\WINDOWS\System32\winrnr.dll
0x00007ffac2160000 - 0x00007ffac216a000 	C:\Windows\System32\rasadhlp.dll
0x00007ffac1b70000 - 0x00007ffac1bef000 	C:\WINDOWS\System32\fwpuclnt.dll
0x00007ffacd920000 - 0x00007ffacd947000 	C:\WINDOWS\System32\bcrypt.dll

dbghelp: loaded successfully - version: 4.0.5 - missing functions: none
symbol engine: initialized successfully - sym options: 0x614 - pdb path: .;C:\Program Files\OpenJDK\jdk-11.0.10+9\bin;C:\WINDOWS\SYSTEM32;C:\WINDOWS\WinSxS\amd64_microsoft.windows.common-controls_6595b64144ccf1df_6.0.19041.1110_none_60b5254171f9507e;C:\Program Files\OpenJDK\jdk-11.0.10+9\bin\server;C:\Program Files\JetBrains\IntelliJ IDEA Community Edition 2020.3.2\bin

VM Arguments:
jvm_args: -javaagent:C:\Program Files\JetBrains\IntelliJ IDEA Community Edition 2020.3.2\lib\idea_rt.jar=53548:C:\Program Files\JetBrains\IntelliJ IDEA Community Edition 2020.3.2\bin -Dfile.encoding=UTF-8 
java_command: com.techelevator.Application
java_class_path (initial): C:\Users\Student\source\repos\team-delta-java-blue-final-capstone\java\target\classes;C:\Users\Student\.m2\repository\org\springframework\boot\spring-boot-starter-data-jdbc\2.3.0.RELEASE\spring-boot-starter-data-jdbc-2.3.0.RELEASE.jar;C:\Users\Student\.m2\repository\org\springframework\boot\spring-boot-starter-jdbc\2.3.0.RELEASE\spring-boot-starter-jdbc-2.3.0.RELEASE.jar;C:\Users\Student\.m2\repository\com\zaxxer\HikariCP\3.4.5\HikariCP-3.4.5.jar;C:\Users\Student\.m2\repository\org\springframework\spring-jdbc\5.2.6.RELEASE\spring-jdbc-5.2.6.RELEASE.jar;C:\Users\Student\.m2\repository\org\springframework\data\spring-data-jdbc\2.0.0.RELEASE\spring-data-jdbc-2.0.0.RELEASE.jar;C:\Users\Student\.m2\repository\org\springframework\data\spring-data-relational\2.0.0.RELEASE\spring-data-relational-2.0.0.RELEASE.jar;C:\Users\Student\.m2\repository\org\springframework\data\spring-data-commons\2.3.0.RELEASE\spring-data-commons-2.3.0.RELEASE.jar;C:\Users\Student\.m2\repository\org\springframework\spring-tx\5.2.6.RELEASE\spring-tx-5.2.6.RELEASE.jar;C:\Users\Student\.m2\repository\org\springframework\spring-context\5.2.6.RELEASE\spring-context-5.2.6.RELEASE.jar;C:\Users\Student\.m2\repository\org\springframework\spring-beans\5.2.6.RELEASE\spring-beans-5.2.6.RELEASE.jar;C:\Users\Student\.m2\repository\org\slf4j\slf4j-api\1.7.30\slf4j-api-1.7.30.jar;C:\Users\Student\.m2\repository\org\springframework\boot\spring-boot-starter-security\2.3.0.RELEASE\spring-boot-starter-security-2.3.0.RELEASE.jar;C:\Users\Student\.m2\repository\org\springframework\boot\spring-boot-starter\2.3.0.RELEASE\spring-boot-starter-2.3.0.RELEASE.jar;C:\Users\Student\.m2\repository\org\springframework\boot\spring-boot-starter-logging\2.3.0.RELEASE\spring-boot-starter-logging-2.3.0.RELEASE.jar;C:\Users\Student\.m2\repository\ch\qos\logback\logback-classic\1.2.3\logback-classic-1.2.3.jar;C:\Users\Student\.m2\repository\ch\qos\logback\logback-core\1.2.3\logback-core-1.2.3.jar;C:\Users\Stu
Launcher Type: SUN_STANDARD

[Global flags]
     intx CICompilerCount                          = 4                                         {product} {ergonomic}
     uint ConcGCThreads                            = 2                                         {product} {ergonomic}
     uint G1ConcRefinementThreads                  = 8                                         {product} {ergonomic}
   size_t G1HeapRegionSize                         = 1048576                                   {product} {ergonomic}
    uintx GCDrainStackTargetSize                   = 64                                        {product} {ergonomic}
   size_t InitialHeapSize                          = 264241152                                 {product} {ergonomic}
   size_t MarkStackSize                            = 4194304                                   {product} {ergonomic}
   size_t MaxHeapSize                              = 4225761280                                {product} {ergonomic}
   size_t MaxNewSize                               = 2535456768                                {product} {ergonomic}
   size_t MinHeapDeltaBytes                        = 1048576                                   {product} {ergonomic}
    uintx NonNMethodCodeHeapSize                   = 5836300                                {pd product} {ergonomic}
    uintx NonProfiledCodeHeapSize                  = 122910970                              {pd product} {ergonomic}
    uintx ProfiledCodeHeapSize                     = 122910970                              {pd product} {ergonomic}
    uintx ReservedCodeCacheSize                    = 251658240                              {pd product} {ergonomic}
     bool SegmentedCodeCache                       = true                                      {product} {ergonomic}
     bool UseCompressedClassPointers               = true                                 {lp64_product} {ergonomic}
     bool UseCompressedOops                        = true                                 {lp64_product} {ergonomic}
     bool UseG1GC                                  = true                                      {product} {ergonomic}
     bool UseLargePagesIndividualAllocation        = false                                  {pd product} {ergonomic}

Logging:
Log output configuration:
 #0: stdout all=warning uptime,level,tags
 #1: stderr all=off uptime,level,tags

Environment Variables:
JAVA_HOME=C:\Program Files\OpenJDK\jdk-11.0.10+9
PATH=C:\WINDOWS\system32;C:\WINDOWS;C:\WINDOWS\System32\Wbem;C:\WINDOWS\System32\WindowsPowerShell\v1.0\;C:\WINDOWS\System32\OpenSSH\;C:\ProgramData\chocolatey\bin;C:\Program Files\Git\cmd;C:\Program Files\dotnet\;C:\Program Files\Microsoft SQL Server\130\Tools\Binn\;C:\Program Files\Microsoft SQL Server\Client SDK\ODBC\170\Tools\Binn\;C:\Program Files (x86)\Microsoft SQL Server\150\Tools\Binn\;C:\Program Files\Microsoft SQL Server\150\Tools\Binn\;C:\Program Files\Microsoft SQL Server\150\DTS\Binn\;C:\Program Files (x86)\Microsoft SQL Server\150\DTS\Binn\;C:\Program Files\Azure Data Studio\bin;C:\Program Files\OpenJDK\jdk-11.0.10+9\bin;C:\Program Files\PostgreSQL\12\bin;C:\Program Files\Maven\apache-maven-3.6.3\bin;C:\Program Files\ChromeDriver;C:\Program Files\Node\node-v14.15.5-win-x64;;C:\Program Files\Microsoft VS Code\bin;C:\Users\Student\AppData\Local\Microsoft\WindowsApps;C:\Users\Student\.dotnet\tools;C:\Program Files\Azure Data Studio\bin
USERNAME=Student
OS=Windows_NT
PROCESSOR_IDENTIFIER=Intel64 Family 6 Model 140 Stepping 1, GenuineIntel



---------------  S Y S T E M  ---------------

OS: Windows 10 , 64 bit Build 19041 (10.0.19041.1348)
OS uptime: 9 days 0:28 hours

CPU:total 8 (initial active 8) (4 cores per cpu, 2 threads per core) family 6 model 140 stepping 1 microcode 0x86, cmov, cx8, fxsr, mmx, sse, sse2, sse3, ssse3, sse4.1, sse4.2, popcnt, avx, avx2, aes, clmul, erms, 3dnowpref, lzcnt, ht, tsc, tscinvbit, bmi1, bmi2, adx, evex, sha, fma

Memory: 4k page, system-wide physical 16113M (3916M free)
TotalPageFile size 19205M (AvailPageFile size 6M)
current process WorkingSet (physical memory assigned to process): 140M, peak: 140M
current process commit charge ("private bytes"): 383M, peak: 384M

vm_info: OpenJDK 64-Bit Server VM (11.0.10+9) for windows-amd64 JRE (11.0.10+9), built on Jan 20 2021 06:07:07 by "" with MS VC++ 15.9 (VS2017)

END.
